0 info it worked if it ends with ok
1 verbose cli [ '/home/meghan/.nvm/versions/node/v6.9.5/bin/node',
1 verbose cli   '/home/meghan/.nvm/versions/node/v6.9.5/bin/npm',
1 verbose cli   'i' ]
2 info using npm@3.10.10
3 info using node@v6.9.5
4 silly loadCurrentTree Starting
5 silly install loadCurrentTree
6 silly install readLocalPackageData
7 silly install normalizeTree
8 silly loadCurrentTree Finishing
9 silly loadIdealTree Starting
10 silly install loadIdealTree
11 silly cloneCurrentTree Starting
12 silly install cloneCurrentTreeToIdealTree
13 silly cloneCurrentTree Finishing
14 silly loadShrinkwrap Starting
15 silly install loadShrinkwrap
16 silly loadShrinkwrap Finishing
17 silly loadAllDepsIntoIdealTree Starting
18 silly install loadAllDepsIntoIdealTree
19 silly fetchNamedPackageData fsevents
20 silly mapToRegistry name fsevents
21 silly mapToRegistry using default registry
22 silly mapToRegistry registry https://registry.npmjs.org/
23 silly mapToRegistry data Result {
23 silly mapToRegistry   raw: 'fsevents',
23 silly mapToRegistry   scope: null,
23 silly mapToRegistry   escapedName: 'fsevents',
23 silly mapToRegistry   name: 'fsevents',
23 silly mapToRegistry   rawSpec: '',
23 silly mapToRegistry   spec: 'latest',
23 silly mapToRegistry   type: 'tag' }
24 silly mapToRegistry uri https://registry.npmjs.org/fsevents
25 verbose request uri https://registry.npmjs.org/fsevents
26 verbose request no auth needed
27 info attempt registry request try #1 at 9:35:13 PM
28 verbose request id 7b8a64ceb6793e9a
29 verbose etag W/"58cbe1d5-d5e6"
30 verbose lastModified Fri, 17 Mar 2017 13:17:09 GMT
31 http request GET https://registry.npmjs.org/fsevents
32 http 304 https://registry.npmjs.org/fsevents
33 verbose headers { date: 'Tue, 25 Apr 2017 09:35:13 GMT',
33 verbose headers   via: '1.1 varnish',
33 verbose headers   'cache-control': 'max-age=300',
33 verbose headers   etag: 'W/"58cbe1d5-d5e6"',
33 verbose headers   age: '155',
33 verbose headers   connection: 'keep-alive',
33 verbose headers   'x-served-by': 'cache-akl1421-AKL',
33 verbose headers   'x-cache': 'HIT',
33 verbose headers   'x-cache-hits': '2',
33 verbose headers   'x-timer': 'S1493112914.833503,VS0,VE0',
33 verbose headers   vary: 'Accept-Encoding' }
34 silly get cb [ 304,
34 silly get   { date: 'Tue, 25 Apr 2017 09:35:13 GMT',
34 silly get     via: '1.1 varnish',
34 silly get     'cache-control': 'max-age=300',
34 silly get     etag: 'W/"58cbe1d5-d5e6"',
34 silly get     age: '155',
34 silly get     connection: 'keep-alive',
34 silly get     'x-served-by': 'cache-akl1421-AKL',
34 silly get     'x-cache': 'HIT',
34 silly get     'x-cache-hits': '2',
34 silly get     'x-timer': 'S1493112914.833503,VS0,VE0',
34 silly get     vary: 'Accept-Encoding' } ]
35 verbose etag https://registry.npmjs.org/fsevents from cache
36 verbose get saving fsevents to /home/meghan/.npm/registry.npmjs.org/fsevents/.cache.json
37 verbose correctMkdir /home/meghan/.npm correctMkdir not in flight; initializing
38 silly resolveWithNewModule fsevents@1.1.1 checking installable status
39 silly loadAllDepsIntoIdealTree Finishing
40 silly loadIdealTree Finishing
41 silly currentTree manuplate@1.0.0
41 silly currentTree ├── @ava/babel-plugin-throws-helper@2.0.0
41 silly currentTree ├─┬ @ava/babel-preset-stage-4@1.0.0
41 silly currentTree │ ├── md5-hex@1.3.0
41 silly currentTree │ └── package-hash@1.2.0
41 silly currentTree ├── @ava/babel-preset-transform-test-files@3.0.0
41 silly currentTree ├── @ava/pretty-format@1.1.0
41 silly currentTree ├── abbrev@1.1.0
41 silly currentTree ├── accepts@1.3.3
41 silly currentTree ├── acorn-jsx@3.0.1
41 silly currentTree ├── acorn@3.3.0
41 silly currentTree ├── ajv-keywords@1.5.1
41 silly currentTree ├── ajv@4.11.7
41 silly currentTree ├── align-text@0.1.4
41 silly currentTree ├── amdefine@1.0.1
41 silly currentTree ├── ansi-align@1.1.0
41 silly currentTree ├── ansi-escapes@1.4.0
41 silly currentTree ├── ansi-html@0.0.7
41 silly currentTree ├── ansi-regex@2.1.1
41 silly currentTree ├── ansi-styles@2.2.1
41 silly currentTree ├── anymatch@1.3.0
41 silly currentTree ├── argparse@1.0.9
41 silly currentTree ├── arr-diff@2.0.0
41 silly currentTree ├── arr-exclude@1.0.0
41 silly currentTree ├── arr-flatten@1.0.3
41 silly currentTree ├── array-differ@1.0.0
41 silly currentTree ├── array-find-index@1.0.2
41 silly currentTree ├── array-flatten@1.1.1
41 silly currentTree ├── array-union@1.0.2
41 silly currentTree ├── array-uniq@1.0.3
41 silly currentTree ├── array-unique@0.2.1
41 silly currentTree ├── array.prototype.find@2.0.4
41 silly currentTree ├── arrify@1.0.1
41 silly currentTree ├── asap@2.0.5
41 silly currentTree ├── assert@1.4.1
41 silly currentTree ├── async-each@1.0.1
41 silly currentTree ├── async@1.5.2
41 silly currentTree ├── asynckit@0.4.0
41 silly currentTree ├── auto-bind@1.1.0
41 silly currentTree ├─┬ ava-init@0.2.0
41 silly currentTree │ ├── find-up@2.1.0
41 silly currentTree │ ├── load-json-file@2.0.0
41 silly currentTree │ ├── path-type@2.0.0
41 silly currentTree │ ├── read-pkg-up@2.0.0
41 silly currentTree │ ├── read-pkg@2.0.0
41 silly currentTree │ └── strip-bom@3.0.0
41 silly currentTree ├─┬ ava@0.19.1
41 silly currentTree │ ├── cli-cursor@2.1.0
41 silly currentTree │ ├── configstore@3.0.0
41 silly currentTree │ ├── figures@2.0.0
41 silly currentTree │ ├── get-stream@3.0.0
41 silly currentTree │ ├── globby@6.1.0
41 silly currentTree │ ├── got@6.7.1
41 silly currentTree │ ├── has-flag@2.0.0
41 silly currentTree │ ├── latest-version@3.1.0
41 silly currentTree │ ├── onetime@2.0.1
41 silly currentTree │ ├── package-json@4.0.1
41 silly currentTree │ ├── restore-cursor@2.0.0
41 silly currentTree │ ├─┬ supports-color@3.2.3
41 silly currentTree │ │ └── has-flag@1.0.0
41 silly currentTree │ ├── timed-out@4.0.1
41 silly currentTree │ ├── update-notifier@2.1.0
41 silly currentTree │ └── xdg-basedir@3.0.0
41 silly currentTree ├── babel-code-frame@6.22.0
41 silly currentTree ├── babel-core@6.24.1
41 silly currentTree ├── babel-eslint@7.2.3
41 silly currentTree ├── babel-generator@6.24.1
41 silly currentTree ├── babel-helper-bindify-decorators@6.24.1
41 silly currentTree ├── babel-helper-builder-binary-assignment-operator-visitor@6.24.1
41 silly currentTree ├── babel-helper-builder-react-jsx@6.24.1
41 silly currentTree ├── babel-helper-call-delegate@6.24.1
41 silly currentTree ├── babel-helper-define-map@6.24.1
41 silly currentTree ├── babel-helper-explode-assignable-expression@6.24.1
41 silly currentTree ├── babel-helper-explode-class@6.24.1
41 silly currentTree ├── babel-helper-function-name@6.24.1
41 silly currentTree ├── babel-helper-get-function-arity@6.24.1
41 silly currentTree ├── babel-helper-hoist-variables@6.24.1
41 silly currentTree ├── babel-helper-optimise-call-expression@6.24.1
41 silly currentTree ├── babel-helper-regex@6.24.1
41 silly currentTree ├── babel-helper-remap-async-to-generator@6.24.1
41 silly currentTree ├── babel-helper-replace-supers@6.24.1
41 silly currentTree ├── babel-helpers@6.24.1
41 silly currentTree ├── babel-loader@6.4.1
41 silly currentTree ├── babel-messages@6.23.0
41 silly currentTree ├── babel-plugin-check-es2015-constants@6.22.0
41 silly currentTree ├── babel-plugin-espower@2.3.2
41 silly currentTree ├── babel-plugin-istanbul@3.1.2
41 silly currentTree ├── babel-plugin-syntax-async-functions@6.13.0
41 silly currentTree ├── babel-plugin-syntax-async-generators@6.13.0
41 silly currentTree ├── babel-plugin-syntax-class-constructor-call@6.18.0
41 silly currentTree ├── babel-plugin-syntax-class-properties@6.13.0
41 silly currentTree ├── babel-plugin-syntax-decorators@6.13.0
41 silly currentTree ├── babel-plugin-syntax-do-expressions@6.13.0
41 silly currentTree ├── babel-plugin-syntax-dynamic-import@6.18.0
41 silly currentTree ├── babel-plugin-syntax-exponentiation-operator@6.13.0
41 silly currentTree ├── babel-plugin-syntax-export-extensions@6.13.0
41 silly currentTree ├── babel-plugin-syntax-flow@6.18.0
41 silly currentTree ├── babel-plugin-syntax-function-bind@6.13.0
41 silly currentTree ├── babel-plugin-syntax-jsx@6.18.0
41 silly currentTree ├── babel-plugin-syntax-object-rest-spread@6.13.0
41 silly currentTree ├── babel-plugin-syntax-trailing-function-commas@6.22.0
41 silly currentTree ├── babel-plugin-transform-async-generator-functions@6.24.1
41 silly currentTree ├── babel-plugin-transform-async-to-generator@6.24.1
41 silly currentTree ├── babel-plugin-transform-class-constructor-call@6.24.1
41 silly currentTree ├── babel-plugin-transform-class-properties@6.24.1
41 silly currentTree ├── babel-plugin-transform-decorators@6.24.1
41 silly currentTree ├── babel-plugin-transform-do-expressions@6.22.0
41 silly currentTree ├── babel-plugin-transform-es2015-arrow-functions@6.22.0
41 silly currentTree ├── babel-plugin-transform-es2015-block-scoped-functions@6.22.0
41 silly currentTree ├── babel-plugin-transform-es2015-block-scoping@6.24.1
41 silly currentTree ├── babel-plugin-transform-es2015-classes@6.24.1
41 silly currentTree ├── babel-plugin-transform-es2015-computed-properties@6.24.1
41 silly currentTree ├── babel-plugin-transform-es2015-destructuring@6.23.0
41 silly currentTree ├── babel-plugin-transform-es2015-duplicate-keys@6.24.1
41 silly currentTree ├── babel-plugin-transform-es2015-for-of@6.23.0
41 silly currentTree ├── babel-plugin-transform-es2015-function-name@6.24.1
41 silly currentTree ├── babel-plugin-transform-es2015-literals@6.22.0
41 silly currentTree ├── babel-plugin-transform-es2015-modules-amd@6.24.1
41 silly currentTree ├── babel-plugin-transform-es2015-modules-commonjs@6.24.1
41 silly currentTree ├── babel-plugin-transform-es2015-modules-systemjs@6.24.1
41 silly currentTree ├── babel-plugin-transform-es2015-modules-umd@6.24.1
41 silly currentTree ├── babel-plugin-transform-es2015-object-super@6.24.1
41 silly currentTree ├── babel-plugin-transform-es2015-parameters@6.24.1
41 silly currentTree ├── babel-plugin-transform-es2015-shorthand-properties@6.24.1
41 silly currentTree ├── babel-plugin-transform-es2015-spread@6.22.0
41 silly currentTree ├── babel-plugin-transform-es2015-sticky-regex@6.24.1
41 silly currentTree ├── babel-plugin-transform-es2015-template-literals@6.22.0
41 silly currentTree ├── babel-plugin-transform-es2015-typeof-symbol@6.23.0
41 silly currentTree ├── babel-plugin-transform-es2015-unicode-regex@6.24.1
41 silly currentTree ├── babel-plugin-transform-exponentiation-operator@6.24.1
41 silly currentTree ├── babel-plugin-transform-export-extensions@6.22.0
41 silly currentTree ├── babel-plugin-transform-flow-strip-types@6.22.0
41 silly currentTree ├── babel-plugin-transform-function-bind@6.22.0
41 silly currentTree ├── babel-plugin-transform-object-rest-spread@6.23.0
41 silly currentTree ├── babel-plugin-transform-react-display-name@6.23.0
41 silly currentTree ├── babel-plugin-transform-react-jsx-self@6.22.0
41 silly currentTree ├── babel-plugin-transform-react-jsx-source@6.22.0
41 silly currentTree ├── babel-plugin-transform-react-jsx@6.24.1
41 silly currentTree ├── babel-plugin-transform-regenerator@6.24.1
41 silly currentTree ├── babel-plugin-transform-runtime@6.23.0
41 silly currentTree ├── babel-plugin-transform-strict-mode@6.24.1
41 silly currentTree ├── babel-preset-es2015@6.24.1
41 silly currentTree ├── babel-preset-flow@6.23.0
41 silly currentTree ├── babel-preset-react@6.24.1
41 silly currentTree ├── babel-preset-stage-0@6.24.1
41 silly currentTree ├── babel-preset-stage-1@6.24.1
41 silly currentTree ├── babel-preset-stage-2@6.24.1
41 silly currentTree ├── babel-preset-stage-3@6.24.1
41 silly currentTree ├── babel-register@6.24.1
41 silly currentTree ├── babel-runtime@6.23.0
41 silly currentTree ├── babel-template@6.24.1
41 silly currentTree ├── babel-traverse@6.24.1
41 silly currentTree ├── babel-types@6.24.1
41 silly currentTree ├── babylon@6.17.0
41 silly currentTree ├── balanced-match@0.4.2
41 silly currentTree ├── base64-js@1.2.0
41 silly currentTree ├── big.js@3.1.3
41 silly currentTree ├── binary-extensions@1.8.0
41 silly currentTree ├── bluebird@3.5.0
41 silly currentTree ├── boolbase@1.0.0
41 silly currentTree ├─┬ boxen@1.0.0
41 silly currentTree │ ├── camelcase@4.1.0
41 silly currentTree │ ├── is-fullwidth-code-point@2.0.0
41 silly currentTree │ └── string-width@2.0.0
41 silly currentTree ├── brace-expansion@1.1.7
41 silly currentTree ├── braces@1.8.5
41 silly currentTree ├── browserify-aes@0.4.0
41 silly currentTree ├── browserify-zlib@0.1.4
41 silly currentTree ├── buf-compare@1.0.1
41 silly currentTree ├── buffer-shims@1.0.0
41 silly currentTree ├─┬ buffer@4.9.1
41 silly currentTree │ └── isarray@1.0.0
41 silly currentTree ├── builtin-modules@1.1.1
41 silly currentTree ├── builtin-status-codes@3.0.0
41 silly currentTree ├─┬ caching-transform@1.0.1
41 silly currentTree │ └── md5-hex@1.3.0
41 silly currentTree ├── call-matcher@1.0.1
41 silly currentTree ├── call-signature@0.0.2
41 silly currentTree ├── caller-path@0.1.0
41 silly currentTree ├── callsites@0.2.0
41 silly currentTree ├── camel-case@3.0.0
41 silly currentTree ├─┬ camelcase-keys@2.1.0
41 silly currentTree │ └── camelcase@2.1.1
41 silly currentTree ├── camelcase@1.2.1
41 silly currentTree ├── capture-stack-trace@1.0.0
41 silly currentTree ├── center-align@0.1.3
41 silly currentTree ├── chalk@1.1.3
41 silly currentTree ├── chokidar@1.6.1
41 silly currentTree ├── ci-info@1.0.0
41 silly currentTree ├── circular-json@0.3.1
41 silly currentTree ├── clean-css@4.0.12
41 silly currentTree ├── clean-stack@1.1.1
41 silly currentTree ├── clean-yaml-object@0.1.0
41 silly currentTree ├── cli-boxes@1.0.0
41 silly currentTree ├── cli-cursor@1.0.2
41 silly currentTree ├── cli-spinners@1.0.0
41 silly currentTree ├─┬ cli-truncate@1.0.0
41 silly currentTree │ ├── is-fullwidth-code-point@2.0.0
41 silly currentTree │ └── string-width@2.0.0
41 silly currentTree ├── cli-width@2.1.0
41 silly currentTree ├── cliui@2.1.0
41 silly currentTree ├── clone@2.1.1
41 silly currentTree ├─┬ co-with-promise@4.6.0
41 silly currentTree │ ├── pinkie-promise@1.0.0
41 silly currentTree │ └── pinkie@1.0.0
41 silly currentTree ├── co@4.6.0
41 silly currentTree ├── code-excerpt@2.1.0
41 silly currentTree ├── code-point-at@1.1.0
41 silly currentTree ├── color-convert@1.9.0
41 silly currentTree ├── color-name@1.1.2
41 silly currentTree ├── combined-stream@1.0.5
41 silly currentTree ├── commander@2.9.0
41 silly currentTree ├── common-path-prefix@1.0.0
41 silly currentTree ├── commondir@1.0.1
41 silly currentTree ├── component-emitter@1.2.1
41 silly currentTree ├── concat-map@0.0.1
41 silly currentTree ├─┬ concat-stream@1.6.0
41 silly currentTree │ ├── isarray@1.0.0
41 silly currentTree │ ├── readable-stream@2.2.9
41 silly currentTree │ └── string_decoder@1.0.0
41 silly currentTree ├── configstore@1.4.0
41 silly currentTree ├── console-browserify@1.1.0
41 silly currentTree ├── constants-browserify@1.0.0
41 silly currentTree ├── content-disposition@0.5.2
41 silly currentTree ├── content-type@1.0.2
41 silly currentTree ├── convert-source-map@1.5.0
41 silly currentTree ├── convert-to-spaces@1.0.2
41 silly currentTree ├── cookie-signature@1.0.6
41 silly currentTree ├── cookie@0.3.1
41 silly currentTree ├── cookiejar@2.1.1
41 silly currentTree ├── core-assert@0.2.1
41 silly currentTree ├── core-js@2.4.1
41 silly currentTree ├── core-util-is@1.0.2
41 silly currentTree ├── create-error-class@3.0.2
41 silly currentTree ├── create-react-class@15.5.2
41 silly currentTree ├── cross-spawn-async@2.2.5
41 silly currentTree ├── cross-spawn@4.0.2
41 silly currentTree ├── crypto-browserify@3.3.0
41 silly currentTree ├── crypto-random-string@1.0.0
41 silly currentTree ├── css-select@1.2.0
41 silly currentTree ├── css-what@2.1.0
41 silly currentTree ├── currently-unhandled@0.4.1
41 silly currentTree ├── d@1.0.0
41 silly currentTree ├── date-now@0.1.4
41 silly currentTree ├── date-time@0.1.1
41 silly currentTree ├── debug@2.6.4
41 silly currentTree ├── decamelize@1.2.0
41 silly currentTree ├── deep-equal@1.0.1
41 silly currentTree ├── deep-extend@0.4.1
41 silly currentTree ├── deep-is@0.1.3
41 silly currentTree ├── define-properties@1.1.2
41 silly currentTree ├── del@2.2.2
41 silly currentTree ├── delayed-stream@1.0.0
41 silly currentTree ├── depd@1.1.0
41 silly currentTree ├── destroy@1.0.4
41 silly currentTree ├── detect-indent@4.0.0
41 silly currentTree ├── diff-match-patch@1.0.0
41 silly currentTree ├── diff@3.2.0
41 silly currentTree ├─┬ doctrine@2.0.0
41 silly currentTree │ └── isarray@1.0.0
41 silly currentTree ├─┬ dom-converter@0.1.4
41 silly currentTree │ └── utila@0.3.3
41 silly currentTree ├─┬ dom-serializer@0.1.0
41 silly currentTree │ └── domelementtype@1.1.3
41 silly currentTree ├── domain-browser@1.1.7
41 silly currentTree ├── domelementtype@1.3.0
41 silly currentTree ├── domhandler@2.1.0
41 silly currentTree ├── domutils@1.5.1
41 silly currentTree ├── dot-prop@4.1.1
41 silly currentTree ├── duplexer@0.1.1
41 silly currentTree ├── duplexer3@0.1.4
41 silly currentTree ├─┬ duplexify@3.5.0
41 silly currentTree │ ├── isarray@1.0.0
41 silly currentTree │ ├── readable-stream@2.2.9
41 silly currentTree │ └── string_decoder@1.0.0
41 silly currentTree ├── ee-first@1.1.1
41 silly currentTree ├── emojis-list@2.1.0
41 silly currentTree ├── empower-core@0.6.1
41 silly currentTree ├── encodeurl@1.0.1
41 silly currentTree ├── encoding@0.1.12
41 silly currentTree ├─┬ end-of-stream@1.0.0
41 silly currentTree │ └── once@1.3.3
41 silly currentTree ├─┬ enhanced-resolve@0.9.1
41 silly currentTree │ └── memory-fs@0.2.0
41 silly currentTree ├── entities@1.1.1
41 silly currentTree ├── equal-length@1.0.1
41 silly currentTree ├── errno@0.1.4
41 silly currentTree ├── error-ex@1.3.1
41 silly currentTree ├── es-abstract@1.7.0
41 silly currentTree ├── es-to-primitive@1.1.1
41 silly currentTree ├── es5-ext@0.10.15
41 silly currentTree ├── es6-error@4.0.2
41 silly currentTree ├── es6-iterator@2.0.1
41 silly currentTree ├── es6-map@0.1.5
41 silly currentTree ├── es6-promise@3.3.1
41 silly currentTree ├── es6-set@0.1.5
41 silly currentTree ├── es6-symbol@3.1.1
41 silly currentTree ├── es6-weak-map@2.0.2
41 silly currentTree ├── escape-html@1.0.3
41 silly currentTree ├── escape-string-regexp@1.0.5
41 silly currentTree ├── escope@3.6.0
41 silly currentTree ├── eslint-config-standard-jsx@3.3.0
41 silly currentTree ├── eslint-config-standard-react@4.3.0
41 silly currentTree ├── eslint-config-standard@6.2.1
41 silly currentTree ├── eslint-plugin-babel@4.1.1
41 silly currentTree ├── eslint-plugin-promise@3.5.0
41 silly currentTree ├─┬ eslint-plugin-react@6.10.3
41 silly currentTree │ ├── doctrine@1.5.0
41 silly currentTree │ └── isarray@1.0.0
41 silly currentTree ├── eslint-plugin-standard@2.3.1
41 silly currentTree ├─┬ eslint@3.19.0
41 silly currentTree │ └── strip-bom@3.0.0
41 silly currentTree ├── espower-location-detector@1.0.0
41 silly currentTree ├─┬ espree@3.4.2
41 silly currentTree │ └── acorn@5.0.3
41 silly currentTree ├── esprima@3.1.3
41 silly currentTree ├── espurify@1.7.0
41 silly currentTree ├── esquery@1.0.0
41 silly currentTree ├─┬ esrecurse@4.1.0
41 silly currentTree │ └── estraverse@4.1.1
41 silly currentTree ├── estraverse@4.2.0
41 silly currentTree ├── esutils@2.0.2
41 silly currentTree ├── etag@1.8.0
41 silly currentTree ├── event-emitter@0.3.5
41 silly currentTree ├── event-stream@3.3.4
41 silly currentTree ├── events@1.1.1
41 silly currentTree ├── execa@0.5.1
41 silly currentTree ├── exit-hook@1.1.1
41 silly currentTree ├── expand-brackets@0.1.5
41 silly currentTree ├── expand-range@1.8.2
41 silly currentTree ├─┬ express@4.15.2
41 silly currentTree │ ├── debug@2.6.1
41 silly currentTree │ └── ms@0.7.2
41 silly currentTree ├── extend@3.0.0
41 silly currentTree ├── extglob@0.3.2
41 silly currentTree ├── extract-text-webpack-plugin@1.0.1
41 silly currentTree ├── fast-levenshtein@2.0.6
41 silly currentTree ├─┬ fbjs@0.8.12
41 silly currentTree │ └── core-js@1.2.7
41 silly currentTree ├── figures@1.7.0
41 silly currentTree ├── file-entry-cache@2.0.0
41 silly currentTree ├── file-loader@0.9.0
41 silly currentTree ├── filename-regex@2.0.0
41 silly currentTree ├── fill-range@2.2.3
41 silly currentTree ├── finalhandler@1.0.2
41 silly currentTree ├── find-cache-dir@0.1.1
41 silly currentTree ├── find-up@1.1.2
41 silly currentTree ├── flat-cache@1.2.2
41 silly currentTree ├── fn-name@2.0.1
41 silly currentTree ├── for-in@1.0.2
41 silly currentTree ├── for-own@0.1.5
41 silly currentTree ├── foreach@2.0.5
41 silly currentTree ├── form-data@2.1.4
41 silly currentTree ├── formidable@1.1.1
41 silly currentTree ├── forwarded@0.1.0
41 silly currentTree ├── fresh@0.5.0
41 silly currentTree ├── from@0.1.7
41 silly currentTree ├── fs-extra@1.0.0
41 silly currentTree ├── fs.realpath@1.0.0
41 silly currentTree ├── function-bind@1.1.0
41 silly currentTree ├── generate-function@2.0.0
41 silly currentTree ├── generate-object-property@1.2.0
41 silly currentTree ├── get-port@3.1.0
41 silly currentTree ├── get-stdin@4.0.1
41 silly currentTree ├── get-stream@2.3.1
41 silly currentTree ├── glob-base@0.3.0
41 silly currentTree ├── glob-parent@2.0.0
41 silly currentTree ├── glob@7.1.1
41 silly currentTree ├── globals@9.17.0
41 silly currentTree ├── globby@5.0.0
41 silly currentTree ├─┬ got@3.3.1
41 silly currentTree │ └── object-assign@3.0.0
41 silly currentTree ├── graceful-fs@4.1.11
41 silly currentTree ├── graceful-readlink@1.0.1
41 silly currentTree ├── has-ansi@2.0.0
41 silly currentTree ├── has-color@0.1.7
41 silly currentTree ├── has-flag@1.0.0
41 silly currentTree ├── has-yarn@1.0.0
41 silly currentTree ├── has@1.0.1
41 silly currentTree ├── he@1.1.1
41 silly currentTree ├── history@4.6.1
41 silly currentTree ├── hoist-non-react-statics@1.2.0
41 silly currentTree ├── home-or-tmp@2.0.0
41 silly currentTree ├── hosted-git-info@2.4.2
41 silly currentTree ├── html-entities@1.2.1
41 silly currentTree ├── html-minifier@3.4.3
41 silly currentTree ├── html-webpack-plugin@2.28.0
41 silly currentTree ├─┬ htmlparser2@3.3.0
41 silly currentTree │ └── domutils@1.1.6
41 silly currentTree ├── http-errors@1.6.1
41 silly currentTree ├── https-browserify@0.0.1
41 silly currentTree ├─┬ hullabaloo-config-manager@1.0.1
41 silly currentTree │ └── resolve-from@2.0.0
41 silly currentTree ├── iconv-lite@0.4.16
41 silly currentTree ├── ieee754@1.1.8
41 silly currentTree ├── ignore-by-default@1.0.1
41 silly currentTree ├── ignore@3.2.7
41 silly currentTree ├─┬ imports-loader@0.7.1
41 silly currentTree │ └── loader-utils@1.1.0
41 silly currentTree ├── imurmurhash@0.1.4
41 silly currentTree ├── indent-string@3.1.0
41 silly currentTree ├── indexof@0.0.1
41 silly currentTree ├── infinity-agent@2.0.3
41 silly currentTree ├── inflight@1.0.6
41 silly currentTree ├── inherits@2.0.3
41 silly currentTree ├── ini@1.3.4
41 silly currentTree ├── inquirer@0.12.0
41 silly currentTree ├── interpret@0.6.6
41 silly currentTree ├── invariant@2.2.2
41 silly currentTree ├── ipaddr.js@1.3.0
41 silly currentTree ├── irregular-plurals@1.2.0
41 silly currentTree ├── is-arrayish@0.2.1
41 silly currentTree ├── is-binary-path@1.0.1
41 silly currentTree ├── is-buffer@1.1.5
41 silly currentTree ├── is-builtin-module@1.0.0
41 silly currentTree ├── is-callable@1.1.3
41 silly currentTree ├── is-ci@1.0.10
41 silly currentTree ├── is-date-object@1.0.1
41 silly currentTree ├── is-dotfile@1.0.2
41 silly currentTree ├── is-equal-shallow@0.1.3
41 silly currentTree ├── is-error@2.2.1
41 silly currentTree ├── is-extendable@0.1.1
41 silly currentTree ├── is-extglob@1.0.0
41 silly currentTree ├── is-finite@1.0.2
41 silly currentTree ├── is-fullwidth-code-point@1.0.0
41 silly currentTree ├── is-generator-fn@1.0.0
41 silly currentTree ├── is-glob@2.0.1
41 silly currentTree ├── is-my-json-valid@2.16.0
41 silly currentTree ├── is-npm@1.0.0
41 silly currentTree ├── is-number@2.1.0
41 silly currentTree ├── is-obj@1.0.1
41 silly currentTree ├─┬ is-observable@0.2.0
41 silly currentTree │ └── symbol-observable@0.2.4
41 silly currentTree ├── is-path-cwd@1.0.0
41 silly currentTree ├── is-path-in-cwd@1.0.0
41 silly currentTree ├── is-path-inside@1.0.0
41 silly currentTree ├── is-plain-obj@1.1.0
41 silly currentTree ├── is-posix-bracket@0.1.1
41 silly currentTree ├── is-primitive@2.0.0
41 silly currentTree ├── is-promise@2.1.0
41 silly currentTree ├── is-property@1.0.2
41 silly currentTree ├── is-redirect@1.0.0
41 silly currentTree ├── is-regex@1.0.4
41 silly currentTree ├── is-resolvable@1.0.0
41 silly currentTree ├── is-retry-allowed@1.1.0
41 silly currentTree ├── is-stream@1.1.0
41 silly currentTree ├── is-symbol@1.0.1
41 silly currentTree ├── is-url@1.2.2
41 silly currentTree ├── is-utf8@0.2.1
41 silly currentTree ├── isarray@0.0.1
41 silly currentTree ├── isexe@2.0.0
41 silly currentTree ├─┬ isobject@2.1.0
41 silly currentTree │ └── isarray@1.0.0
41 silly currentTree ├── isomorphic-fetch@2.2.1
41 silly currentTree ├── istanbul-lib-coverage@1.0.2
41 silly currentTree ├── istanbul-lib-instrument@1.7.0
41 silly currentTree ├── jest-diff@19.0.0
41 silly currentTree ├── jest-file-exists@19.0.0
41 silly currentTree ├── jest-matcher-utils@19.0.0
41 silly currentTree ├── jest-message-util@19.0.0
41 silly currentTree ├── jest-mock@19.0.0
41 silly currentTree ├── jest-snapshot@19.0.2
41 silly currentTree ├── jest-util@19.0.2
41 silly currentTree ├── jest-validate@19.0.2
41 silly currentTree ├── js-tokens@3.0.1
41 silly currentTree ├── js-yaml@3.8.3
41 silly currentTree ├── jsesc@1.3.0
41 silly currentTree ├── json-loader@0.5.4
41 silly currentTree ├── json-stable-stringify@1.0.1
41 silly currentTree ├── json5@0.5.1
41 silly currentTree ├── jsonfile@2.4.0
41 silly currentTree ├── jsonify@0.0.0
41 silly currentTree ├── jsonpointer@4.0.1
41 silly currentTree ├── jsx-ast-utils@1.4.1
41 silly currentTree ├── kind-of@3.1.0
41 silly currentTree ├── klaw@1.3.1
41 silly currentTree ├── last-line-stream@1.0.0
41 silly currentTree ├── latest-version@1.0.1
41 silly currentTree ├── lazy-cache@1.0.4
41 silly currentTree ├── lazy-req@2.0.0
41 silly currentTree ├── leven@2.1.0
41 silly currentTree ├── levn@0.3.0
41 silly currentTree ├── load-json-file@1.1.0
41 silly currentTree ├── loader-utils@0.2.17
41 silly currentTree ├─┬ locate-path@2.0.0
41 silly currentTree │ └── path-exists@3.0.0
41 silly currentTree ├── lodash-es@4.17.4
41 silly currentTree ├── lodash._baseassign@3.2.0
41 silly currentTree ├── lodash._basecopy@3.0.1
41 silly currentTree ├── lodash._bindcallback@3.0.1
41 silly currentTree ├── lodash._createassigner@3.1.1
41 silly currentTree ├── lodash._getnative@3.9.1
41 silly currentTree ├── lodash._isiterateecall@3.0.9
41 silly currentTree ├── lodash.assign@3.2.0
41 silly currentTree ├── lodash.clonedeep@4.5.0
41 silly currentTree ├── lodash.clonedeepwith@4.5.0
41 silly currentTree ├── lodash.debounce@4.0.8
41 silly currentTree ├── lodash.defaults@3.1.2
41 silly currentTree ├── lodash.difference@4.5.0
41 silly currentTree ├── lodash.flatten@4.4.0
41 silly currentTree ├── lodash.flattendeep@4.4.0
41 silly currentTree ├── lodash.isarguments@3.1.0
41 silly currentTree ├── lodash.isarray@3.0.4
41 silly currentTree ├── lodash.isequal@4.5.0
41 silly currentTree ├── lodash.keys@3.1.2
41 silly currentTree ├── lodash.merge@4.6.0
41 silly currentTree ├── lodash.restparam@3.6.1
41 silly currentTree ├── lodash@4.17.4
41 silly currentTree ├── longest@1.0.1
41 silly currentTree ├── loose-envify@1.3.1
41 silly currentTree ├── loud-rejection@1.6.0
41 silly currentTree ├── lower-case@1.1.4
41 silly currentTree ├── lowercase-keys@1.0.0
41 silly currentTree ├── lru-cache@4.0.2
41 silly currentTree ├── map-obj@1.0.1
41 silly currentTree ├── map-stream@0.1.0
41 silly currentTree ├── matcher@0.1.2
41 silly currentTree ├── md5-hex@2.0.0
41 silly currentTree ├── md5-o-matic@0.1.1
41 silly currentTree ├── media-typer@0.3.0
41 silly currentTree ├─┬ memory-fs@0.3.0
41 silly currentTree │ ├── isarray@1.0.0
41 silly currentTree │ ├── readable-stream@2.2.9
41 silly currentTree │ └── string_decoder@1.0.0
41 silly currentTree ├─┬ meow@3.7.0
41 silly currentTree │ └── minimist@1.2.0
41 silly currentTree ├── merge-descriptors@1.0.1
41 silly currentTree ├── methods@1.1.2
41 silly currentTree ├── micromatch@2.3.11
41 silly currentTree ├── mime-db@1.27.0
41 silly currentTree ├── mime-types@2.1.15
41 silly currentTree ├── mime@1.3.4
41 silly currentTree ├── mimic-fn@1.1.0
41 silly currentTree ├── minimatch@3.0.3
41 silly currentTree ├── minimist@0.0.8
41 silly currentTree ├── mkdirp@0.5.1
41 silly currentTree ├── ms@0.7.3
41 silly currentTree ├── multimatch@2.1.0
41 silly currentTree ├── mute-stream@0.0.5
41 silly currentTree ├── natural-compare@1.4.0
41 silly currentTree ├── ncname@1.0.0
41 silly currentTree ├── negotiator@0.6.1
41 silly currentTree ├── nested-error-stacks@1.0.2
41 silly currentTree ├── no-case@2.3.1
41 silly currentTree ├── node-fetch@1.6.3
41 silly currentTree ├─┬ node-libs-browser@0.7.0
41 silly currentTree │ ├── isarray@1.0.0
41 silly currentTree │ └─┬ readable-stream@2.2.9
41 silly currentTree │   └── string_decoder@1.0.0
41 silly currentTree ├── nodemon@1.11.0
41 silly currentTree ├── nopt@1.0.10
41 silly currentTree ├── normalize-package-data@2.3.8
41 silly currentTree ├── normalize-path@2.1.1
41 silly currentTree ├── npm-run-path@2.0.2
41 silly currentTree ├── nth-check@1.0.1
41 silly currentTree ├── number-is-nan@1.0.1
41 silly currentTree ├── object-assign@4.1.1
41 silly currentTree ├── object-keys@1.0.11
41 silly currentTree ├── object.assign@4.0.4
41 silly currentTree ├── object.omit@2.0.1
41 silly currentTree ├── observable-to-promise@0.5.0
41 silly currentTree ├── on-finished@2.3.0
41 silly currentTree ├── once@1.4.0
41 silly currentTree ├── onetime@1.1.0
41 silly currentTree ├── optimist@0.6.1
41 silly currentTree ├── option-chain@0.1.1
41 silly currentTree ├─┬ optionator@0.8.2
41 silly currentTree │ └── wordwrap@1.0.0
41 silly currentTree ├── os-browserify@0.2.1
41 silly currentTree ├── os-homedir@1.0.2
41 silly currentTree ├── os-tmpdir@1.0.2
41 silly currentTree ├── osenv@0.1.4
41 silly currentTree ├── p-finally@1.0.0
41 silly currentTree ├── p-limit@1.1.0
41 silly currentTree ├── p-locate@2.0.0
41 silly currentTree ├── package-hash@2.0.0
41 silly currentTree ├── package-json@1.2.0
41 silly currentTree ├── pako@0.2.9
41 silly currentTree ├── param-case@2.1.1
41 silly currentTree ├── parse-glob@3.0.4
41 silly currentTree ├── parse-json@2.2.0
41 silly currentTree ├── parse-ms@1.0.1
41 silly currentTree ├── parseurl@1.3.1
41 silly currentTree ├── path-browserify@0.0.0
41 silly currentTree ├── path-exists@2.1.0
41 silly currentTree ├── path-is-absolute@1.0.1
41 silly currentTree ├── path-is-inside@1.0.2
41 silly currentTree ├── path-key@2.0.1
41 silly currentTree ├── path-parse@1.0.5
41 silly currentTree ├── path-to-regexp@0.1.7
41 silly currentTree ├── path-type@1.1.0
41 silly currentTree ├── pause-stream@0.0.11
41 silly currentTree ├── pbkdf2-compat@2.0.1
41 silly currentTree ├── pify@2.3.0
41 silly currentTree ├── pinkie-promise@2.0.1
41 silly currentTree ├── pinkie@2.0.4
41 silly currentTree ├─┬ pkg-conf@2.0.0
41 silly currentTree │ ├── find-up@2.1.0
41 silly currentTree │ ├── load-json-file@2.0.0
41 silly currentTree │ └── strip-bom@3.0.0
41 silly currentTree ├── pkg-dir@1.0.0
41 silly currentTree ├── plur@2.1.2
41 silly currentTree ├── pluralize@1.2.1
41 silly currentTree ├── prelude-ls@1.1.2
41 silly currentTree ├── prepend-http@1.0.4
41 silly currentTree ├── preserve@0.2.0
41 silly currentTree ├── pretty-error@2.1.0
41 silly currentTree ├─┬ pretty-format@19.0.0
41 silly currentTree │ └── ansi-styles@3.0.0
41 silly currentTree ├─┬ pretty-ms@2.1.0
41 silly currentTree │ └── plur@1.0.0
41 silly currentTree ├── private@0.1.7
41 silly currentTree ├── process-nextick-args@1.0.7
41 silly currentTree ├── process@0.11.9
41 silly currentTree ├── progress@1.1.8
41 silly currentTree ├── promise@7.1.1
41 silly currentTree ├── prop-types@15.5.8
41 silly currentTree ├── proxy-addr@1.1.4
41 silly currentTree ├── prr@0.0.0
41 silly currentTree ├── ps-tree@1.1.0
41 silly currentTree ├── pseudomap@1.0.2
41 silly currentTree ├── punycode@1.4.1
41 silly currentTree ├── qs@6.4.0
41 silly currentTree ├── query-string@4.3.4
41 silly currentTree ├── querystring-es3@0.2.1
41 silly currentTree ├── querystring@0.2.0
41 silly currentTree ├── randomatic@1.1.6
41 silly currentTree ├── range-parser@1.2.0
41 silly currentTree ├─┬ rc@1.2.1
41 silly currentTree │ └── minimist@1.2.0
41 silly currentTree ├── react-dom@15.5.4
41 silly currentTree ├── react-redux@5.0.4
41 silly currentTree ├─┬ react-router@3.0.5
41 silly currentTree │ └── history@3.3.0
41 silly currentTree ├── react@15.5.4
41 silly currentTree ├─┬ read-all-stream@3.1.0
41 silly currentTree │ ├── isarray@1.0.0
41 silly currentTree │ ├── readable-stream@2.2.9
41 silly currentTree │ └── string_decoder@1.0.0
41 silly currentTree ├── read-pkg-up@1.0.1
41 silly currentTree ├── read-pkg@1.1.0
41 silly currentTree ├── readable-stream@1.0.34
41 silly currentTree ├─┬ readdirp@2.1.0
41 silly currentTree │ ├── isarray@1.0.0
41 silly currentTree │ ├── readable-stream@2.2.9
41 silly currentTree │ └── string_decoder@1.0.0
41 silly currentTree ├── readline2@1.0.1
41 silly currentTree ├── rechoir@0.6.2
41 silly currentTree ├─┬ redent@1.0.0
41 silly currentTree │ └── indent-string@2.1.0
41 silly currentTree ├── redux-thunk@2.2.0
41 silly currentTree ├── redux@3.6.0
41 silly currentTree ├── regenerate@1.3.2
41 silly currentTree ├── regenerator-runtime@0.10.3
41 silly currentTree ├── regenerator-transform@0.9.11
41 silly currentTree ├── regex-cache@0.4.3
41 silly currentTree ├── regexpu-core@2.0.0
41 silly currentTree ├── registry-auth-token@3.3.0
41 silly currentTree ├── registry-url@3.1.0
41 silly currentTree ├── regjsgen@0.2.0
41 silly currentTree ├─┬ regjsparser@0.1.5
41 silly currentTree │ └── jsesc@0.5.0
41 silly currentTree ├── relateurl@0.2.7
41 silly currentTree ├── release-zalgo@1.0.0
41 silly currentTree ├── remove-trailing-separator@1.0.1
41 silly currentTree ├─┬ renderkid@2.0.1
41 silly currentTree │ └── utila@0.3.3
41 silly currentTree ├── repeat-element@1.1.2
41 silly currentTree ├── repeat-string@1.6.1
41 silly currentTree ├── repeating@2.0.1
41 silly currentTree ├── require-main-filename@1.0.1
41 silly currentTree ├── require-precompiled@0.1.0
41 silly currentTree ├── require-uncached@1.0.3
41 silly currentTree ├─┬ resolve-cwd@1.0.0
41 silly currentTree │ └── resolve-from@2.0.0
41 silly currentTree ├── resolve-from@1.0.1
41 silly currentTree ├── resolve-pathname@2.1.0
41 silly currentTree ├── resolve@1.3.3
41 silly currentTree ├── restore-cursor@1.0.1
41 silly currentTree ├── right-align@0.1.3
41 silly currentTree ├── rimraf@2.6.1
41 silly currentTree ├── ripemd160@0.2.0
41 silly currentTree ├── run-async@0.1.0
41 silly currentTree ├── rx-lite@3.1.2
41 silly currentTree ├── safe-buffer@5.0.1
41 silly currentTree ├── semver-diff@2.1.0
41 silly currentTree ├── semver@5.3.0
41 silly currentTree ├─┬ send@0.15.1
41 silly currentTree │ ├── debug@2.6.1
41 silly currentTree │ └── ms@0.7.2
41 silly currentTree ├── serve-static@1.12.1
41 silly currentTree ├── set-immediate-shim@1.0.1
41 silly currentTree ├── setimmediate@1.0.5
41 silly currentTree ├── setprototypeof@1.0.3
41 silly currentTree ├── sha.js@2.2.6
41 silly currentTree ├─┬ shelljs@0.7.7
41 silly currentTree │ └── interpret@1.0.3
41 silly currentTree ├── signal-exit@3.0.2
41 silly currentTree ├── slash@1.0.0
41 silly currentTree ├── slice-ansi@0.0.4
41 silly currentTree ├── slide@1.1.6
41 silly currentTree ├── sort-keys@1.1.2
41 silly currentTree ├── source-list-map@0.1.8
41 silly currentTree ├── source-map-support@0.4.14
41 silly currentTree ├── source-map@0.5.6
41 silly currentTree ├── spdx-correct@1.0.2
41 silly currentTree ├── spdx-expression-parse@1.0.4
41 silly currentTree ├── spdx-license-ids@1.2.2
41 silly currentTree ├── split@0.3.3
41 silly currentTree ├── sprintf-js@1.0.3
41 silly currentTree ├── stack-utils@1.0.1
41 silly currentTree ├── statuses@1.3.1
41 silly currentTree ├─┬ stream-browserify@2.0.1
41 silly currentTree │ ├── isarray@1.0.0
41 silly currentTree │ ├── readable-stream@2.2.9
41 silly currentTree │ └── string_decoder@1.0.0
41 silly currentTree ├── stream-combiner@0.0.4
41 silly currentTree ├─┬ stream-http@2.7.0
41 silly currentTree │ ├── isarray@1.0.0
41 silly currentTree │ ├── readable-stream@2.2.9
41 silly currentTree │ └── string_decoder@1.0.0
41 silly currentTree ├── stream-shift@1.0.0
41 silly currentTree ├── strict-uri-encode@1.1.0
41 silly currentTree ├── string_decoder@0.10.31
41 silly currentTree ├── string-length@1.0.1
41 silly currentTree ├── string-width@1.0.2
41 silly currentTree ├── strip-ansi@3.0.1
41 silly currentTree ├── strip-bom-buf@1.0.0
41 silly currentTree ├── strip-bom@2.0.0
41 silly currentTree ├── strip-eof@1.0.0
41 silly currentTree ├── strip-indent@1.0.1
41 silly currentTree ├── strip-json-comments@2.0.1
41 silly currentTree ├─┬ style-loader@0.16.1
41 silly currentTree │ └── loader-utils@1.1.0
41 silly currentTree ├─┬ superagent@3.5.2
41 silly currentTree │ ├── isarray@1.0.0
41 silly currentTree │ ├── readable-stream@2.2.9
41 silly currentTree │ └── string_decoder@1.0.0
41 silly currentTree ├── supports-color@2.0.0
41 silly currentTree ├── symbol-observable@1.0.4
41 silly currentTree ├─┬ table@3.8.3
41 silly currentTree │ ├── is-fullwidth-code-point@2.0.0
41 silly currentTree │ └── string-width@2.0.0
41 silly currentTree ├── tapable@0.1.10
41 silly currentTree ├─┬ term-size@0.1.1
41 silly currentTree │ ├── execa@0.4.0
41 silly currentTree │ ├── npm-run-path@1.0.0
41 silly currentTree │ └── path-key@1.0.0
41 silly currentTree ├── test-exclude@3.3.0
41 silly currentTree ├── text-table@0.2.0
41 silly currentTree ├── through@2.3.8
41 silly currentTree ├─┬ through2@2.0.3
41 silly currentTree │ ├── isarray@1.0.0
41 silly currentTree │ ├── readable-stream@2.2.9
41 silly currentTree │ └── string_decoder@1.0.0
41 silly currentTree ├─┬ time-require@0.1.2
41 silly currentTree │ ├── ansi-styles@1.0.0
41 silly currentTree │ ├── chalk@0.4.0
41 silly currentTree │ ├── parse-ms@0.1.2
41 silly currentTree │ ├── pretty-ms@0.2.2
41 silly currentTree │ └── strip-ansi@0.1.1
41 silly currentTree ├── timed-out@2.0.0
41 silly currentTree ├── timers-browserify@2.0.2
41 silly currentTree ├── to-arraybuffer@1.0.1
41 silly currentTree ├── to-fast-properties@1.0.2
41 silly currentTree ├── toposort@1.0.3
41 silly currentTree ├── touch@1.0.0
41 silly currentTree ├── trim-newlines@1.0.0
41 silly currentTree ├── trim-right@1.0.1
41 silly currentTree ├── tryit@1.0.3
41 silly currentTree ├── tty-browserify@0.0.0
41 silly currentTree ├── type-check@0.3.2
41 silly currentTree ├── type-is@1.6.15
41 silly currentTree ├── typedarray@0.0.6
41 silly currentTree ├── ua-parser-js@0.7.12
41 silly currentTree ├── uglify-js@2.8.22
41 silly currentTree ├── uglify-to-browserify@1.0.2
41 silly currentTree ├── uid2@0.0.3
41 silly currentTree ├── undefsafe@0.0.3
41 silly currentTree ├── unique-string@1.0.0
41 silly currentTree ├── unique-temp-dir@1.0.0
41 silly currentTree ├── unpipe@1.0.0
41 silly currentTree ├── unzip-response@2.0.1
41 silly currentTree ├─┬ update-notifier@0.5.0
41 silly currentTree │ └── repeating@1.1.3
41 silly currentTree ├── upper-case@1.1.3
41 silly currentTree ├─┬ url-loader@0.5.8
41 silly currentTree │ └── loader-utils@1.1.0
41 silly currentTree ├── url-parse-lax@1.0.0
41 silly currentTree ├─┬ url@0.11.0
41 silly currentTree │ └── punycode@1.3.2
41 silly currentTree ├── user-home@2.0.0
41 silly currentTree ├── util-deprecate@1.0.2
41 silly currentTree ├─┬ util@0.10.3
41 silly currentTree │ └── inherits@2.0.1
41 silly currentTree ├── utila@0.4.0
41 silly currentTree ├── utils-merge@1.0.0
41 silly currentTree ├── uuid@2.0.3
41 silly currentTree ├── validate-npm-package-license@3.0.1
41 silly currentTree ├── value-equal@0.2.1
41 silly currentTree ├── vary@1.1.1
41 silly currentTree ├── vm-browserify@0.0.4
41 silly currentTree ├── warning@3.0.0
41 silly currentTree ├─┬ watchpack@0.2.9
41 silly currentTree │ └── async@0.9.2
41 silly currentTree ├─┬ webpack-core@0.6.9
41 silly currentTree │ └── source-map@0.4.4
41 silly currentTree ├─┬ webpack-dev-middleware@1.10.2
41 silly currentTree │ ├── isarray@1.0.0
41 silly currentTree │ ├── memory-fs@0.4.1
41 silly currentTree │ ├── readable-stream@2.2.9
41 silly currentTree │ └── string_decoder@1.0.0
41 silly currentTree ├── webpack-hot-middleware@2.18.0
41 silly currentTree ├── webpack-sources@0.1.5
41 silly currentTree ├─┬ webpack@1.15.0
41 silly currentTree │ ├── clone@1.0.2
41 silly currentTree │ ├── supports-color@3.2.3
41 silly currentTree │ └─┬ uglify-js@2.7.5
41 silly currentTree │   └── async@0.2.10
41 silly currentTree ├── whatwg-fetch@2.0.3
41 silly currentTree ├── which@1.2.14
41 silly currentTree ├── widest-line@1.0.0
41 silly currentTree ├── window-size@0.1.0
41 silly currentTree ├── wordwrap@0.0.2
41 silly currentTree ├── wrappy@1.0.2
41 silly currentTree ├── write-file-atomic@1.3.3
41 silly currentTree ├── write-json-file@2.0.0
41 silly currentTree ├── write-pkg@2.1.0
41 silly currentTree ├── write@0.2.1
41 silly currentTree ├── xdg-basedir@2.0.0
41 silly currentTree ├── xml-char-classes@1.0.0
41 silly currentTree ├── xtend@4.0.1
41 silly currentTree ├── yallist@2.1.2
41 silly currentTree └── yargs@3.10.0
42 silly idealTree manuplate@1.0.0
42 silly idealTree ├── @ava/babel-plugin-throws-helper@2.0.0
42 silly idealTree ├─┬ @ava/babel-preset-stage-4@1.0.0
42 silly idealTree │ ├── md5-hex@1.3.0
42 silly idealTree │ └── package-hash@1.2.0
42 silly idealTree ├── @ava/babel-preset-transform-test-files@3.0.0
42 silly idealTree ├── @ava/pretty-format@1.1.0
42 silly idealTree ├── abbrev@1.1.0
42 silly idealTree ├── accepts@1.3.3
42 silly idealTree ├── acorn-jsx@3.0.1
42 silly idealTree ├── acorn@3.3.0
42 silly idealTree ├── ajv-keywords@1.5.1
42 silly idealTree ├── ajv@4.11.7
42 silly idealTree ├── align-text@0.1.4
42 silly idealTree ├── amdefine@1.0.1
42 silly idealTree ├── ansi-align@1.1.0
42 silly idealTree ├── ansi-escapes@1.4.0
42 silly idealTree ├── ansi-html@0.0.7
42 silly idealTree ├── ansi-regex@2.1.1
42 silly idealTree ├── ansi-styles@2.2.1
42 silly idealTree ├── anymatch@1.3.0
42 silly idealTree ├── argparse@1.0.9
42 silly idealTree ├── arr-diff@2.0.0
42 silly idealTree ├── arr-exclude@1.0.0
42 silly idealTree ├── arr-flatten@1.0.3
42 silly idealTree ├── array-differ@1.0.0
42 silly idealTree ├── array-find-index@1.0.2
42 silly idealTree ├── array-flatten@1.1.1
42 silly idealTree ├── array-union@1.0.2
42 silly idealTree ├── array-uniq@1.0.3
42 silly idealTree ├── array-unique@0.2.1
42 silly idealTree ├── array.prototype.find@2.0.4
42 silly idealTree ├── arrify@1.0.1
42 silly idealTree ├── asap@2.0.5
42 silly idealTree ├── assert@1.4.1
42 silly idealTree ├── async-each@1.0.1
42 silly idealTree ├── async@1.5.2
42 silly idealTree ├── asynckit@0.4.0
42 silly idealTree ├── auto-bind@1.1.0
42 silly idealTree ├─┬ ava-init@0.2.0
42 silly idealTree │ ├── find-up@2.1.0
42 silly idealTree │ ├── load-json-file@2.0.0
42 silly idealTree │ ├── path-type@2.0.0
42 silly idealTree │ ├── read-pkg-up@2.0.0
42 silly idealTree │ ├── read-pkg@2.0.0
42 silly idealTree │ └── strip-bom@3.0.0
42 silly idealTree ├─┬ ava@0.19.1
42 silly idealTree │ ├── cli-cursor@2.1.0
42 silly idealTree │ ├── configstore@3.0.0
42 silly idealTree │ ├── figures@2.0.0
42 silly idealTree │ ├── get-stream@3.0.0
42 silly idealTree │ ├── globby@6.1.0
42 silly idealTree │ ├── got@6.7.1
42 silly idealTree │ ├── has-flag@2.0.0
42 silly idealTree │ ├── latest-version@3.1.0
42 silly idealTree │ ├── onetime@2.0.1
42 silly idealTree │ ├── package-json@4.0.1
42 silly idealTree │ ├── restore-cursor@2.0.0
42 silly idealTree │ ├─┬ supports-color@3.2.3
42 silly idealTree │ │ └── has-flag@1.0.0
42 silly idealTree │ ├── timed-out@4.0.1
42 silly idealTree │ ├── update-notifier@2.1.0
42 silly idealTree │ └── xdg-basedir@3.0.0
42 silly idealTree ├── babel-code-frame@6.22.0
42 silly idealTree ├── babel-core@6.24.1
42 silly idealTree ├── babel-eslint@7.2.3
42 silly idealTree ├── babel-generator@6.24.1
42 silly idealTree ├── babel-helper-bindify-decorators@6.24.1
42 silly idealTree ├── babel-helper-builder-binary-assignment-operator-visitor@6.24.1
42 silly idealTree ├── babel-helper-builder-react-jsx@6.24.1
42 silly idealTree ├── babel-helper-call-delegate@6.24.1
42 silly idealTree ├── babel-helper-define-map@6.24.1
42 silly idealTree ├── babel-helper-explode-assignable-expression@6.24.1
42 silly idealTree ├── babel-helper-explode-class@6.24.1
42 silly idealTree ├── babel-helper-function-name@6.24.1
42 silly idealTree ├── babel-helper-get-function-arity@6.24.1
42 silly idealTree ├── babel-helper-hoist-variables@6.24.1
42 silly idealTree ├── babel-helper-optimise-call-expression@6.24.1
42 silly idealTree ├── babel-helper-regex@6.24.1
42 silly idealTree ├── babel-helper-remap-async-to-generator@6.24.1
42 silly idealTree ├── babel-helper-replace-supers@6.24.1
42 silly idealTree ├── babel-helpers@6.24.1
42 silly idealTree ├── babel-loader@6.4.1
42 silly idealTree ├── babel-messages@6.23.0
42 silly idealTree ├── babel-plugin-check-es2015-constants@6.22.0
42 silly idealTree ├── babel-plugin-espower@2.3.2
42 silly idealTree ├── babel-plugin-istanbul@3.1.2
42 silly idealTree ├── babel-plugin-syntax-async-functions@6.13.0
42 silly idealTree ├── babel-plugin-syntax-async-generators@6.13.0
42 silly idealTree ├── babel-plugin-syntax-class-constructor-call@6.18.0
42 silly idealTree ├── babel-plugin-syntax-class-properties@6.13.0
42 silly idealTree ├── babel-plugin-syntax-decorators@6.13.0
42 silly idealTree ├── babel-plugin-syntax-do-expressions@6.13.0
42 silly idealTree ├── babel-plugin-syntax-dynamic-import@6.18.0
42 silly idealTree ├── babel-plugin-syntax-exponentiation-operator@6.13.0
42 silly idealTree ├── babel-plugin-syntax-export-extensions@6.13.0
42 silly idealTree ├── babel-plugin-syntax-flow@6.18.0
42 silly idealTree ├── babel-plugin-syntax-function-bind@6.13.0
42 silly idealTree ├── babel-plugin-syntax-jsx@6.18.0
42 silly idealTree ├── babel-plugin-syntax-object-rest-spread@6.13.0
42 silly idealTree ├── babel-plugin-syntax-trailing-function-commas@6.22.0
42 silly idealTree ├── babel-plugin-transform-async-generator-functions@6.24.1
42 silly idealTree ├── babel-plugin-transform-async-to-generator@6.24.1
42 silly idealTree ├── babel-plugin-transform-class-constructor-call@6.24.1
42 silly idealTree ├── babel-plugin-transform-class-properties@6.24.1
42 silly idealTree ├── babel-plugin-transform-decorators@6.24.1
42 silly idealTree ├── babel-plugin-transform-do-expressions@6.22.0
42 silly idealTree ├── babel-plugin-transform-es2015-arrow-functions@6.22.0
42 silly idealTree ├── babel-plugin-transform-es2015-block-scoped-functions@6.22.0
42 silly idealTree ├── babel-plugin-transform-es2015-block-scoping@6.24.1
42 silly idealTree ├── babel-plugin-transform-es2015-classes@6.24.1
42 silly idealTree ├── babel-plugin-transform-es2015-computed-properties@6.24.1
42 silly idealTree ├── babel-plugin-transform-es2015-destructuring@6.23.0
42 silly idealTree ├── babel-plugin-transform-es2015-duplicate-keys@6.24.1
42 silly idealTree ├── babel-plugin-transform-es2015-for-of@6.23.0
42 silly idealTree ├── babel-plugin-transform-es2015-function-name@6.24.1
42 silly idealTree ├── babel-plugin-transform-es2015-literals@6.22.0
42 silly idealTree ├── babel-plugin-transform-es2015-modules-amd@6.24.1
42 silly idealTree ├── babel-plugin-transform-es2015-modules-commonjs@6.24.1
42 silly idealTree ├── babel-plugin-transform-es2015-modules-systemjs@6.24.1
42 silly idealTree ├── babel-plugin-transform-es2015-modules-umd@6.24.1
42 silly idealTree ├── babel-plugin-transform-es2015-object-super@6.24.1
42 silly idealTree ├── babel-plugin-transform-es2015-parameters@6.24.1
42 silly idealTree ├── babel-plugin-transform-es2015-shorthand-properties@6.24.1
42 silly idealTree ├── babel-plugin-transform-es2015-spread@6.22.0
42 silly idealTree ├── babel-plugin-transform-es2015-sticky-regex@6.24.1
42 silly idealTree ├── babel-plugin-transform-es2015-template-literals@6.22.0
42 silly idealTree ├── babel-plugin-transform-es2015-typeof-symbol@6.23.0
42 silly idealTree ├── babel-plugin-transform-es2015-unicode-regex@6.24.1
42 silly idealTree ├── babel-plugin-transform-exponentiation-operator@6.24.1
42 silly idealTree ├── babel-plugin-transform-export-extensions@6.22.0
42 silly idealTree ├── babel-plugin-transform-flow-strip-types@6.22.0
42 silly idealTree ├── babel-plugin-transform-function-bind@6.22.0
42 silly idealTree ├── babel-plugin-transform-object-rest-spread@6.23.0
42 silly idealTree ├── babel-plugin-transform-react-display-name@6.23.0
42 silly idealTree ├── babel-plugin-transform-react-jsx-self@6.22.0
42 silly idealTree ├── babel-plugin-transform-react-jsx-source@6.22.0
42 silly idealTree ├── babel-plugin-transform-react-jsx@6.24.1
42 silly idealTree ├── babel-plugin-transform-regenerator@6.24.1
42 silly idealTree ├── babel-plugin-transform-runtime@6.23.0
42 silly idealTree ├── babel-plugin-transform-strict-mode@6.24.1
42 silly idealTree ├── babel-preset-es2015@6.24.1
42 silly idealTree ├── babel-preset-flow@6.23.0
42 silly idealTree ├── babel-preset-react@6.24.1
42 silly idealTree ├── babel-preset-stage-0@6.24.1
42 silly idealTree ├── babel-preset-stage-1@6.24.1
42 silly idealTree ├── babel-preset-stage-2@6.24.1
42 silly idealTree ├── babel-preset-stage-3@6.24.1
42 silly idealTree ├── babel-register@6.24.1
42 silly idealTree ├── babel-runtime@6.23.0
42 silly idealTree ├── babel-template@6.24.1
42 silly idealTree ├── babel-traverse@6.24.1
42 silly idealTree ├── babel-types@6.24.1
42 silly idealTree ├── babylon@6.17.0
42 silly idealTree ├── balanced-match@0.4.2
42 silly idealTree ├── base64-js@1.2.0
42 silly idealTree ├── big.js@3.1.3
42 silly idealTree ├── binary-extensions@1.8.0
42 silly idealTree ├── bluebird@3.5.0
42 silly idealTree ├── boolbase@1.0.0
42 silly idealTree ├─┬ boxen@1.0.0
42 silly idealTree │ ├── camelcase@4.1.0
42 silly idealTree │ ├── is-fullwidth-code-point@2.0.0
42 silly idealTree │ └── string-width@2.0.0
42 silly idealTree ├── brace-expansion@1.1.7
42 silly idealTree ├── braces@1.8.5
42 silly idealTree ├── browserify-aes@0.4.0
42 silly idealTree ├── browserify-zlib@0.1.4
42 silly idealTree ├── buf-compare@1.0.1
42 silly idealTree ├── buffer-shims@1.0.0
42 silly idealTree ├─┬ buffer@4.9.1
42 silly idealTree │ └── isarray@1.0.0
42 silly idealTree ├── builtin-modules@1.1.1
42 silly idealTree ├── builtin-status-codes@3.0.0
42 silly idealTree ├─┬ caching-transform@1.0.1
42 silly idealTree │ └── md5-hex@1.3.0
42 silly idealTree ├── call-matcher@1.0.1
42 silly idealTree ├── call-signature@0.0.2
42 silly idealTree ├── caller-path@0.1.0
42 silly idealTree ├── callsites@0.2.0
42 silly idealTree ├── camel-case@3.0.0
42 silly idealTree ├─┬ camelcase-keys@2.1.0
42 silly idealTree │ └── camelcase@2.1.1
42 silly idealTree ├── camelcase@1.2.1
42 silly idealTree ├── capture-stack-trace@1.0.0
42 silly idealTree ├── center-align@0.1.3
42 silly idealTree ├── chalk@1.1.3
42 silly idealTree ├── chokidar@1.6.1
42 silly idealTree ├── ci-info@1.0.0
42 silly idealTree ├── circular-json@0.3.1
42 silly idealTree ├── clean-css@4.0.12
42 silly idealTree ├── clean-stack@1.1.1
42 silly idealTree ├── clean-yaml-object@0.1.0
42 silly idealTree ├── cli-boxes@1.0.0
42 silly idealTree ├── cli-cursor@1.0.2
42 silly idealTree ├── cli-spinners@1.0.0
42 silly idealTree ├─┬ cli-truncate@1.0.0
42 silly idealTree │ ├── is-fullwidth-code-point@2.0.0
42 silly idealTree │ └── string-width@2.0.0
42 silly idealTree ├── cli-width@2.1.0
42 silly idealTree ├── cliui@2.1.0
42 silly idealTree ├── clone@2.1.1
42 silly idealTree ├─┬ co-with-promise@4.6.0
42 silly idealTree │ ├── pinkie-promise@1.0.0
42 silly idealTree │ └── pinkie@1.0.0
42 silly idealTree ├── co@4.6.0
42 silly idealTree ├── code-excerpt@2.1.0
42 silly idealTree ├── code-point-at@1.1.0
42 silly idealTree ├── color-convert@1.9.0
42 silly idealTree ├── color-name@1.1.2
42 silly idealTree ├── combined-stream@1.0.5
42 silly idealTree ├── commander@2.9.0
42 silly idealTree ├── common-path-prefix@1.0.0
42 silly idealTree ├── commondir@1.0.1
42 silly idealTree ├── component-emitter@1.2.1
42 silly idealTree ├── concat-map@0.0.1
42 silly idealTree ├─┬ concat-stream@1.6.0
42 silly idealTree │ ├── isarray@1.0.0
42 silly idealTree │ ├── readable-stream@2.2.9
42 silly idealTree │ └── string_decoder@1.0.0
42 silly idealTree ├── configstore@1.4.0
42 silly idealTree ├── console-browserify@1.1.0
42 silly idealTree ├── constants-browserify@1.0.0
42 silly idealTree ├── content-disposition@0.5.2
42 silly idealTree ├── content-type@1.0.2
42 silly idealTree ├── convert-source-map@1.5.0
42 silly idealTree ├── convert-to-spaces@1.0.2
42 silly idealTree ├── cookie-signature@1.0.6
42 silly idealTree ├── cookie@0.3.1
42 silly idealTree ├── cookiejar@2.1.1
42 silly idealTree ├── core-assert@0.2.1
42 silly idealTree ├── core-js@2.4.1
42 silly idealTree ├── core-util-is@1.0.2
42 silly idealTree ├── create-error-class@3.0.2
42 silly idealTree ├── create-react-class@15.5.2
42 silly idealTree ├── cross-spawn-async@2.2.5
42 silly idealTree ├── cross-spawn@4.0.2
42 silly idealTree ├── crypto-browserify@3.3.0
42 silly idealTree ├── crypto-random-string@1.0.0
42 silly idealTree ├── css-select@1.2.0
42 silly idealTree ├── css-what@2.1.0
42 silly idealTree ├── currently-unhandled@0.4.1
42 silly idealTree ├── d@1.0.0
42 silly idealTree ├── date-now@0.1.4
42 silly idealTree ├── date-time@0.1.1
42 silly idealTree ├── debug@2.6.4
42 silly idealTree ├── decamelize@1.2.0
42 silly idealTree ├── deep-equal@1.0.1
42 silly idealTree ├── deep-extend@0.4.1
42 silly idealTree ├── deep-is@0.1.3
42 silly idealTree ├── define-properties@1.1.2
42 silly idealTree ├── del@2.2.2
42 silly idealTree ├── delayed-stream@1.0.0
42 silly idealTree ├── depd@1.1.0
42 silly idealTree ├── destroy@1.0.4
42 silly idealTree ├── detect-indent@4.0.0
42 silly idealTree ├── diff-match-patch@1.0.0
42 silly idealTree ├── diff@3.2.0
42 silly idealTree ├─┬ doctrine@2.0.0
42 silly idealTree │ └── isarray@1.0.0
42 silly idealTree ├─┬ dom-converter@0.1.4
42 silly idealTree │ └── utila@0.3.3
42 silly idealTree ├─┬ dom-serializer@0.1.0
42 silly idealTree │ └── domelementtype@1.1.3
42 silly idealTree ├── domain-browser@1.1.7
42 silly idealTree ├── domelementtype@1.3.0
42 silly idealTree ├── domhandler@2.1.0
42 silly idealTree ├── domutils@1.5.1
42 silly idealTree ├── dot-prop@4.1.1
42 silly idealTree ├── duplexer@0.1.1
42 silly idealTree ├── duplexer3@0.1.4
42 silly idealTree ├─┬ duplexify@3.5.0
42 silly idealTree │ ├── isarray@1.0.0
42 silly idealTree │ ├── readable-stream@2.2.9
42 silly idealTree │ └── string_decoder@1.0.0
42 silly idealTree ├── ee-first@1.1.1
42 silly idealTree ├── emojis-list@2.1.0
42 silly idealTree ├── empower-core@0.6.1
42 silly idealTree ├── encodeurl@1.0.1
42 silly idealTree ├── encoding@0.1.12
42 silly idealTree ├─┬ end-of-stream@1.0.0
42 silly idealTree │ └── once@1.3.3
42 silly idealTree ├─┬ enhanced-resolve@0.9.1
42 silly idealTree │ └── memory-fs@0.2.0
42 silly idealTree ├── entities@1.1.1
42 silly idealTree ├── equal-length@1.0.1
42 silly idealTree ├── errno@0.1.4
42 silly idealTree ├── error-ex@1.3.1
42 silly idealTree ├── es-abstract@1.7.0
42 silly idealTree ├── es-to-primitive@1.1.1
42 silly idealTree ├── es5-ext@0.10.15
42 silly idealTree ├── es6-error@4.0.2
42 silly idealTree ├── es6-iterator@2.0.1
42 silly idealTree ├── es6-map@0.1.5
42 silly idealTree ├── es6-promise@3.3.1
42 silly idealTree ├── es6-set@0.1.5
42 silly idealTree ├── es6-symbol@3.1.1
42 silly idealTree ├── es6-weak-map@2.0.2
42 silly idealTree ├── escape-html@1.0.3
42 silly idealTree ├── escape-string-regexp@1.0.5
42 silly idealTree ├── escope@3.6.0
42 silly idealTree ├── eslint-config-standard-jsx@3.3.0
42 silly idealTree ├── eslint-config-standard-react@4.3.0
42 silly idealTree ├── eslint-config-standard@6.2.1
42 silly idealTree ├── eslint-plugin-babel@4.1.1
42 silly idealTree ├── eslint-plugin-promise@3.5.0
42 silly idealTree ├─┬ eslint-plugin-react@6.10.3
42 silly idealTree │ ├── doctrine@1.5.0
42 silly idealTree │ └── isarray@1.0.0
42 silly idealTree ├── eslint-plugin-standard@2.3.1
42 silly idealTree ├─┬ eslint@3.19.0
42 silly idealTree │ └── strip-bom@3.0.0
42 silly idealTree ├── espower-location-detector@1.0.0
42 silly idealTree ├─┬ espree@3.4.2
42 silly idealTree │ └── acorn@5.0.3
42 silly idealTree ├── esprima@3.1.3
42 silly idealTree ├── espurify@1.7.0
42 silly idealTree ├── esquery@1.0.0
42 silly idealTree ├─┬ esrecurse@4.1.0
42 silly idealTree │ └── estraverse@4.1.1
42 silly idealTree ├── estraverse@4.2.0
42 silly idealTree ├── esutils@2.0.2
42 silly idealTree ├── etag@1.8.0
42 silly idealTree ├── event-emitter@0.3.5
42 silly idealTree ├── event-stream@3.3.4
42 silly idealTree ├── events@1.1.1
42 silly idealTree ├── execa@0.5.1
42 silly idealTree ├── exit-hook@1.1.1
42 silly idealTree ├── expand-brackets@0.1.5
42 silly idealTree ├── expand-range@1.8.2
42 silly idealTree ├─┬ express@4.15.2
42 silly idealTree │ ├── debug@2.6.1
42 silly idealTree │ └── ms@0.7.2
42 silly idealTree ├── extend@3.0.0
42 silly idealTree ├── extglob@0.3.2
42 silly idealTree ├── extract-text-webpack-plugin@1.0.1
42 silly idealTree ├── fast-levenshtein@2.0.6
42 silly idealTree ├─┬ fbjs@0.8.12
42 silly idealTree │ └── core-js@1.2.7
42 silly idealTree ├── figures@1.7.0
42 silly idealTree ├── file-entry-cache@2.0.0
42 silly idealTree ├── file-loader@0.9.0
42 silly idealTree ├── filename-regex@2.0.0
42 silly idealTree ├── fill-range@2.2.3
42 silly idealTree ├── finalhandler@1.0.2
42 silly idealTree ├── find-cache-dir@0.1.1
42 silly idealTree ├── find-up@1.1.2
42 silly idealTree ├── flat-cache@1.2.2
42 silly idealTree ├── fn-name@2.0.1
42 silly idealTree ├── for-in@1.0.2
42 silly idealTree ├── for-own@0.1.5
42 silly idealTree ├── foreach@2.0.5
42 silly idealTree ├── form-data@2.1.4
42 silly idealTree ├── formidable@1.1.1
42 silly idealTree ├── forwarded@0.1.0
42 silly idealTree ├── fresh@0.5.0
42 silly idealTree ├── from@0.1.7
42 silly idealTree ├── fs-extra@1.0.0
42 silly idealTree ├── fs.realpath@1.0.0
42 silly idealTree ├── function-bind@1.1.0
42 silly idealTree ├── generate-function@2.0.0
42 silly idealTree ├── generate-object-property@1.2.0
42 silly idealTree ├── get-port@3.1.0
42 silly idealTree ├── get-stdin@4.0.1
42 silly idealTree ├── get-stream@2.3.1
42 silly idealTree ├── glob-base@0.3.0
42 silly idealTree ├── glob-parent@2.0.0
42 silly idealTree ├── glob@7.1.1
42 silly idealTree ├── globals@9.17.0
42 silly idealTree ├── globby@5.0.0
42 silly idealTree ├─┬ got@3.3.1
42 silly idealTree │ └── object-assign@3.0.0
42 silly idealTree ├── graceful-fs@4.1.11
42 silly idealTree ├── graceful-readlink@1.0.1
42 silly idealTree ├── has-ansi@2.0.0
42 silly idealTree ├── has-color@0.1.7
42 silly idealTree ├── has-flag@1.0.0
42 silly idealTree ├── has-yarn@1.0.0
42 silly idealTree ├── has@1.0.1
42 silly idealTree ├── he@1.1.1
42 silly idealTree ├── history@4.6.1
42 silly idealTree ├── hoist-non-react-statics@1.2.0
42 silly idealTree ├── home-or-tmp@2.0.0
42 silly idealTree ├── hosted-git-info@2.4.2
42 silly idealTree ├── html-entities@1.2.1
42 silly idealTree ├── html-minifier@3.4.3
42 silly idealTree ├── html-webpack-plugin@2.28.0
42 silly idealTree ├─┬ htmlparser2@3.3.0
42 silly idealTree │ └── domutils@1.1.6
42 silly idealTree ├── http-errors@1.6.1
42 silly idealTree ├── https-browserify@0.0.1
42 silly idealTree ├─┬ hullabaloo-config-manager@1.0.1
42 silly idealTree │ └── resolve-from@2.0.0
42 silly idealTree ├── iconv-lite@0.4.16
42 silly idealTree ├── ieee754@1.1.8
42 silly idealTree ├── ignore-by-default@1.0.1
42 silly idealTree ├── ignore@3.2.7
42 silly idealTree ├─┬ imports-loader@0.7.1
42 silly idealTree │ └── loader-utils@1.1.0
42 silly idealTree ├── imurmurhash@0.1.4
42 silly idealTree ├── indent-string@3.1.0
42 silly idealTree ├── indexof@0.0.1
42 silly idealTree ├── infinity-agent@2.0.3
42 silly idealTree ├── inflight@1.0.6
42 silly idealTree ├── inherits@2.0.3
42 silly idealTree ├── ini@1.3.4
42 silly idealTree ├── inquirer@0.12.0
42 silly idealTree ├── interpret@0.6.6
42 silly idealTree ├── invariant@2.2.2
42 silly idealTree ├── ipaddr.js@1.3.0
42 silly idealTree ├── irregular-plurals@1.2.0
42 silly idealTree ├── is-arrayish@0.2.1
42 silly idealTree ├── is-binary-path@1.0.1
42 silly idealTree ├── is-buffer@1.1.5
42 silly idealTree ├── is-builtin-module@1.0.0
42 silly idealTree ├── is-callable@1.1.3
42 silly idealTree ├── is-ci@1.0.10
42 silly idealTree ├── is-date-object@1.0.1
42 silly idealTree ├── is-dotfile@1.0.2
42 silly idealTree ├── is-equal-shallow@0.1.3
42 silly idealTree ├── is-error@2.2.1
42 silly idealTree ├── is-extendable@0.1.1
42 silly idealTree ├── is-extglob@1.0.0
42 silly idealTree ├── is-finite@1.0.2
42 silly idealTree ├── is-fullwidth-code-point@1.0.0
42 silly idealTree ├── is-generator-fn@1.0.0
42 silly idealTree ├── is-glob@2.0.1
42 silly idealTree ├── is-my-json-valid@2.16.0
42 silly idealTree ├── is-npm@1.0.0
42 silly idealTree ├── is-number@2.1.0
42 silly idealTree ├── is-obj@1.0.1
42 silly idealTree ├─┬ is-observable@0.2.0
42 silly idealTree │ └── symbol-observable@0.2.4
42 silly idealTree ├── is-path-cwd@1.0.0
42 silly idealTree ├── is-path-in-cwd@1.0.0
42 silly idealTree ├── is-path-inside@1.0.0
42 silly idealTree ├── is-plain-obj@1.1.0
42 silly idealTree ├── is-posix-bracket@0.1.1
42 silly idealTree ├── is-primitive@2.0.0
42 silly idealTree ├── is-promise@2.1.0
42 silly idealTree ├── is-property@1.0.2
42 silly idealTree ├── is-redirect@1.0.0
42 silly idealTree ├── is-regex@1.0.4
42 silly idealTree ├── is-resolvable@1.0.0
42 silly idealTree ├── is-retry-allowed@1.1.0
42 silly idealTree ├── is-stream@1.1.0
42 silly idealTree ├── is-symbol@1.0.1
42 silly idealTree ├── is-url@1.2.2
42 silly idealTree ├── is-utf8@0.2.1
42 silly idealTree ├── isarray@0.0.1
42 silly idealTree ├── isexe@2.0.0
42 silly idealTree ├─┬ isobject@2.1.0
42 silly idealTree │ └── isarray@1.0.0
42 silly idealTree ├── isomorphic-fetch@2.2.1
42 silly idealTree ├── istanbul-lib-coverage@1.0.2
42 silly idealTree ├── istanbul-lib-instrument@1.7.0
42 silly idealTree ├── jest-diff@19.0.0
42 silly idealTree ├── jest-file-exists@19.0.0
42 silly idealTree ├── jest-matcher-utils@19.0.0
42 silly idealTree ├── jest-message-util@19.0.0
42 silly idealTree ├── jest-mock@19.0.0
42 silly idealTree ├── jest-snapshot@19.0.2
42 silly idealTree ├── jest-util@19.0.2
42 silly idealTree ├── jest-validate@19.0.2
42 silly idealTree ├── js-tokens@3.0.1
42 silly idealTree ├── js-yaml@3.8.3
42 silly idealTree ├── jsesc@1.3.0
42 silly idealTree ├── json-loader@0.5.4
42 silly idealTree ├── json-stable-stringify@1.0.1
42 silly idealTree ├── json5@0.5.1
42 silly idealTree ├── jsonfile@2.4.0
42 silly idealTree ├── jsonify@0.0.0
42 silly idealTree ├── jsonpointer@4.0.1
42 silly idealTree ├── jsx-ast-utils@1.4.1
42 silly idealTree ├── kind-of@3.1.0
42 silly idealTree ├── klaw@1.3.1
42 silly idealTree ├── last-line-stream@1.0.0
42 silly idealTree ├── latest-version@1.0.1
42 silly idealTree ├── lazy-cache@1.0.4
42 silly idealTree ├── lazy-req@2.0.0
42 silly idealTree ├── leven@2.1.0
42 silly idealTree ├── levn@0.3.0
42 silly idealTree ├── load-json-file@1.1.0
42 silly idealTree ├── loader-utils@0.2.17
42 silly idealTree ├─┬ locate-path@2.0.0
42 silly idealTree │ └── path-exists@3.0.0
42 silly idealTree ├── lodash-es@4.17.4
42 silly idealTree ├── lodash._baseassign@3.2.0
42 silly idealTree ├── lodash._basecopy@3.0.1
42 silly idealTree ├── lodash._bindcallback@3.0.1
42 silly idealTree ├── lodash._createassigner@3.1.1
42 silly idealTree ├── lodash._getnative@3.9.1
42 silly idealTree ├── lodash._isiterateecall@3.0.9
42 silly idealTree ├── lodash.assign@3.2.0
42 silly idealTree ├── lodash.clonedeep@4.5.0
42 silly idealTree ├── lodash.clonedeepwith@4.5.0
42 silly idealTree ├── lodash.debounce@4.0.8
42 silly idealTree ├── lodash.defaults@3.1.2
42 silly idealTree ├── lodash.difference@4.5.0
42 silly idealTree ├── lodash.flatten@4.4.0
42 silly idealTree ├── lodash.flattendeep@4.4.0
42 silly idealTree ├── lodash.isarguments@3.1.0
42 silly idealTree ├── lodash.isarray@3.0.4
42 silly idealTree ├── lodash.isequal@4.5.0
42 silly idealTree ├── lodash.keys@3.1.2
42 silly idealTree ├── lodash.merge@4.6.0
42 silly idealTree ├── lodash.restparam@3.6.1
42 silly idealTree ├── lodash@4.17.4
42 silly idealTree ├── longest@1.0.1
42 silly idealTree ├── loose-envify@1.3.1
42 silly idealTree ├── loud-rejection@1.6.0
42 silly idealTree ├── lower-case@1.1.4
42 silly idealTree ├── lowercase-keys@1.0.0
42 silly idealTree ├── lru-cache@4.0.2
42 silly idealTree ├── map-obj@1.0.1
42 silly idealTree ├── map-stream@0.1.0
42 silly idealTree ├── matcher@0.1.2
42 silly idealTree ├── md5-hex@2.0.0
42 silly idealTree ├── md5-o-matic@0.1.1
42 silly idealTree ├── media-typer@0.3.0
42 silly idealTree ├─┬ memory-fs@0.3.0
42 silly idealTree │ ├── isarray@1.0.0
42 silly idealTree │ ├── readable-stream@2.2.9
42 silly idealTree │ └── string_decoder@1.0.0
42 silly idealTree ├─┬ meow@3.7.0
42 silly idealTree │ └── minimist@1.2.0
42 silly idealTree ├── merge-descriptors@1.0.1
42 silly idealTree ├── methods@1.1.2
42 silly idealTree ├── micromatch@2.3.11
42 silly idealTree ├── mime-db@1.27.0
42 silly idealTree ├── mime-types@2.1.15
42 silly idealTree ├── mime@1.3.4
42 silly idealTree ├── mimic-fn@1.1.0
42 silly idealTree ├── minimatch@3.0.3
42 silly idealTree ├── minimist@0.0.8
42 silly idealTree ├── mkdirp@0.5.1
42 silly idealTree ├── ms@0.7.3
42 silly idealTree ├── multimatch@2.1.0
42 silly idealTree ├── mute-stream@0.0.5
42 silly idealTree ├── natural-compare@1.4.0
42 silly idealTree ├── ncname@1.0.0
42 silly idealTree ├── negotiator@0.6.1
42 silly idealTree ├── nested-error-stacks@1.0.2
42 silly idealTree ├── no-case@2.3.1
42 silly idealTree ├── node-fetch@1.6.3
42 silly idealTree ├─┬ node-libs-browser@0.7.0
42 silly idealTree │ ├── isarray@1.0.0
42 silly idealTree │ └─┬ readable-stream@2.2.9
42 silly idealTree │   └── string_decoder@1.0.0
42 silly idealTree ├── nodemon@1.11.0
42 silly idealTree ├── nopt@1.0.10
42 silly idealTree ├── normalize-package-data@2.3.8
42 silly idealTree ├── normalize-path@2.1.1
42 silly idealTree ├── npm-run-path@2.0.2
42 silly idealTree ├── nth-check@1.0.1
42 silly idealTree ├── number-is-nan@1.0.1
42 silly idealTree ├── object-assign@4.1.1
42 silly idealTree ├── object-keys@1.0.11
42 silly idealTree ├── object.assign@4.0.4
42 silly idealTree ├── object.omit@2.0.1
42 silly idealTree ├── observable-to-promise@0.5.0
42 silly idealTree ├── on-finished@2.3.0
42 silly idealTree ├── once@1.4.0
42 silly idealTree ├── onetime@1.1.0
42 silly idealTree ├── optimist@0.6.1
42 silly idealTree ├── option-chain@0.1.1
42 silly idealTree ├─┬ optionator@0.8.2
42 silly idealTree │ └── wordwrap@1.0.0
42 silly idealTree ├── os-browserify@0.2.1
42 silly idealTree ├── os-homedir@1.0.2
42 silly idealTree ├── os-tmpdir@1.0.2
42 silly idealTree ├── osenv@0.1.4
42 silly idealTree ├── p-finally@1.0.0
42 silly idealTree ├── p-limit@1.1.0
42 silly idealTree ├── p-locate@2.0.0
42 silly idealTree ├── package-hash@2.0.0
42 silly idealTree ├── package-json@1.2.0
42 silly idealTree ├── pako@0.2.9
42 silly idealTree ├── param-case@2.1.1
42 silly idealTree ├── parse-glob@3.0.4
42 silly idealTree ├── parse-json@2.2.0
42 silly idealTree ├── parse-ms@1.0.1
42 silly idealTree ├── parseurl@1.3.1
42 silly idealTree ├── path-browserify@0.0.0
42 silly idealTree ├── path-exists@2.1.0
42 silly idealTree ├── path-is-absolute@1.0.1
42 silly idealTree ├── path-is-inside@1.0.2
42 silly idealTree ├── path-key@2.0.1
42 silly idealTree ├── path-parse@1.0.5
42 silly idealTree ├── path-to-regexp@0.1.7
42 silly idealTree ├── path-type@1.1.0
42 silly idealTree ├── pause-stream@0.0.11
42 silly idealTree ├── pbkdf2-compat@2.0.1
42 silly idealTree ├── pify@2.3.0
42 silly idealTree ├── pinkie-promise@2.0.1
42 silly idealTree ├── pinkie@2.0.4
42 silly idealTree ├─┬ pkg-conf@2.0.0
42 silly idealTree │ ├── find-up@2.1.0
42 silly idealTree │ ├── load-json-file@2.0.0
42 silly idealTree │ └── strip-bom@3.0.0
42 silly idealTree ├── pkg-dir@1.0.0
42 silly idealTree ├── plur@2.1.2
42 silly idealTree ├── pluralize@1.2.1
42 silly idealTree ├── prelude-ls@1.1.2
42 silly idealTree ├── prepend-http@1.0.4
42 silly idealTree ├── preserve@0.2.0
42 silly idealTree ├── pretty-error@2.1.0
42 silly idealTree ├─┬ pretty-format@19.0.0
42 silly idealTree │ └── ansi-styles@3.0.0
42 silly idealTree ├─┬ pretty-ms@2.1.0
42 silly idealTree │ └── plur@1.0.0
42 silly idealTree ├── private@0.1.7
42 silly idealTree ├── process-nextick-args@1.0.7
42 silly idealTree ├── process@0.11.9
42 silly idealTree ├── progress@1.1.8
42 silly idealTree ├── promise@7.1.1
42 silly idealTree ├── prop-types@15.5.8
42 silly idealTree ├── proxy-addr@1.1.4
42 silly idealTree ├── prr@0.0.0
42 silly idealTree ├── ps-tree@1.1.0
42 silly idealTree ├── pseudomap@1.0.2
42 silly idealTree ├── punycode@1.4.1
42 silly idealTree ├── qs@6.4.0
42 silly idealTree ├── query-string@4.3.4
42 silly idealTree ├── querystring-es3@0.2.1
42 silly idealTree ├── querystring@0.2.0
42 silly idealTree ├── randomatic@1.1.6
42 silly idealTree ├── range-parser@1.2.0
42 silly idealTree ├─┬ rc@1.2.1
42 silly idealTree │ └── minimist@1.2.0
42 silly idealTree ├── react-dom@15.5.4
42 silly idealTree ├── react-redux@5.0.4
42 silly idealTree ├─┬ react-router@3.0.5
42 silly idealTree │ └── history@3.3.0
42 silly idealTree ├── react@15.5.4
42 silly idealTree ├─┬ read-all-stream@3.1.0
42 silly idealTree │ ├── isarray@1.0.0
42 silly idealTree │ ├── readable-stream@2.2.9
42 silly idealTree │ └── string_decoder@1.0.0
42 silly idealTree ├── read-pkg-up@1.0.1
42 silly idealTree ├── read-pkg@1.1.0
42 silly idealTree ├── readable-stream@1.0.34
42 silly idealTree ├─┬ readdirp@2.1.0
42 silly idealTree │ ├── isarray@1.0.0
42 silly idealTree │ ├── readable-stream@2.2.9
42 silly idealTree │ └── string_decoder@1.0.0
42 silly idealTree ├── readline2@1.0.1
42 silly idealTree ├── rechoir@0.6.2
42 silly idealTree ├─┬ redent@1.0.0
42 silly idealTree │ └── indent-string@2.1.0
42 silly idealTree ├── redux-thunk@2.2.0
42 silly idealTree ├── redux@3.6.0
42 silly idealTree ├── regenerate@1.3.2
42 silly idealTree ├── regenerator-runtime@0.10.3
42 silly idealTree ├── regenerator-transform@0.9.11
42 silly idealTree ├── regex-cache@0.4.3
42 silly idealTree ├── regexpu-core@2.0.0
42 silly idealTree ├── registry-auth-token@3.3.0
42 silly idealTree ├── registry-url@3.1.0
42 silly idealTree ├── regjsgen@0.2.0
42 silly idealTree ├─┬ regjsparser@0.1.5
42 silly idealTree │ └── jsesc@0.5.0
42 silly idealTree ├── relateurl@0.2.7
42 silly idealTree ├── release-zalgo@1.0.0
42 silly idealTree ├── remove-trailing-separator@1.0.1
42 silly idealTree ├─┬ renderkid@2.0.1
42 silly idealTree │ └── utila@0.3.3
42 silly idealTree ├── repeat-element@1.1.2
42 silly idealTree ├── repeat-string@1.6.1
42 silly idealTree ├── repeating@2.0.1
42 silly idealTree ├── require-main-filename@1.0.1
42 silly idealTree ├── require-precompiled@0.1.0
42 silly idealTree ├── require-uncached@1.0.3
42 silly idealTree ├─┬ resolve-cwd@1.0.0
42 silly idealTree │ └── resolve-from@2.0.0
42 silly idealTree ├── resolve-from@1.0.1
42 silly idealTree ├── resolve-pathname@2.1.0
42 silly idealTree ├── resolve@1.3.3
42 silly idealTree ├── restore-cursor@1.0.1
42 silly idealTree ├── right-align@0.1.3
42 silly idealTree ├── rimraf@2.6.1
42 silly idealTree ├── ripemd160@0.2.0
42 silly idealTree ├── run-async@0.1.0
42 silly idealTree ├── rx-lite@3.1.2
42 silly idealTree ├── safe-buffer@5.0.1
42 silly idealTree ├── semver-diff@2.1.0
42 silly idealTree ├── semver@5.3.0
42 silly idealTree ├─┬ send@0.15.1
42 silly idealTree │ ├── debug@2.6.1
42 silly idealTree │ └── ms@0.7.2
42 silly idealTree ├── serve-static@1.12.1
42 silly idealTree ├── set-immediate-shim@1.0.1
42 silly idealTree ├── setimmediate@1.0.5
42 silly idealTree ├── setprototypeof@1.0.3
42 silly idealTree ├── sha.js@2.2.6
42 silly idealTree ├─┬ shelljs@0.7.7
42 silly idealTree │ └── interpret@1.0.3
42 silly idealTree ├── signal-exit@3.0.2
42 silly idealTree ├── slash@1.0.0
42 silly idealTree ├── slice-ansi@0.0.4
42 silly idealTree ├── slide@1.1.6
42 silly idealTree ├── sort-keys@1.1.2
42 silly idealTree ├── source-list-map@0.1.8
42 silly idealTree ├── source-map-support@0.4.14
42 silly idealTree ├── source-map@0.5.6
42 silly idealTree ├── spdx-correct@1.0.2
42 silly idealTree ├── spdx-expression-parse@1.0.4
42 silly idealTree ├── spdx-license-ids@1.2.2
42 silly idealTree ├── split@0.3.3
42 silly idealTree ├── sprintf-js@1.0.3
42 silly idealTree ├── stack-utils@1.0.1
42 silly idealTree ├── statuses@1.3.1
42 silly idealTree ├─┬ stream-browserify@2.0.1
42 silly idealTree │ ├── isarray@1.0.0
42 silly idealTree │ ├── readable-stream@2.2.9
42 silly idealTree │ └── string_decoder@1.0.0
42 silly idealTree ├── stream-combiner@0.0.4
42 silly idealTree ├─┬ stream-http@2.7.0
42 silly idealTree │ ├── isarray@1.0.0
42 silly idealTree │ ├── readable-stream@2.2.9
42 silly idealTree │ └── string_decoder@1.0.0
42 silly idealTree ├── stream-shift@1.0.0
42 silly idealTree ├── strict-uri-encode@1.1.0
42 silly idealTree ├── string_decoder@0.10.31
42 silly idealTree ├── string-length@1.0.1
42 silly idealTree ├── string-width@1.0.2
42 silly idealTree ├── strip-ansi@3.0.1
42 silly idealTree ├── strip-bom-buf@1.0.0
42 silly idealTree ├── strip-bom@2.0.0
42 silly idealTree ├── strip-eof@1.0.0
42 silly idealTree ├── strip-indent@1.0.1
42 silly idealTree ├── strip-json-comments@2.0.1
42 silly idealTree ├─┬ style-loader@0.16.1
42 silly idealTree │ └── loader-utils@1.1.0
42 silly idealTree ├─┬ superagent@3.5.2
42 silly idealTree │ ├── isarray@1.0.0
42 silly idealTree │ ├── readable-stream@2.2.9
42 silly idealTree │ └── string_decoder@1.0.0
42 silly idealTree ├── supports-color@2.0.0
42 silly idealTree ├── symbol-observable@1.0.4
42 silly idealTree ├─┬ table@3.8.3
42 silly idealTree │ ├── is-fullwidth-code-point@2.0.0
42 silly idealTree │ └── string-width@2.0.0
42 silly idealTree ├── tapable@0.1.10
42 silly idealTree ├─┬ term-size@0.1.1
42 silly idealTree │ ├── execa@0.4.0
42 silly idealTree │ ├── npm-run-path@1.0.0
42 silly idealTree │ └── path-key@1.0.0
42 silly idealTree ├── test-exclude@3.3.0
42 silly idealTree ├── text-table@0.2.0
42 silly idealTree ├── through@2.3.8
42 silly idealTree ├─┬ through2@2.0.3
42 silly idealTree │ ├── isarray@1.0.0
42 silly idealTree │ ├── readable-stream@2.2.9
42 silly idealTree │ └── string_decoder@1.0.0
42 silly idealTree ├─┬ time-require@0.1.2
42 silly idealTree │ ├── ansi-styles@1.0.0
42 silly idealTree │ ├── chalk@0.4.0
42 silly idealTree │ ├── parse-ms@0.1.2
42 silly idealTree │ ├── pretty-ms@0.2.2
42 silly idealTree │ └── strip-ansi@0.1.1
42 silly idealTree ├── timed-out@2.0.0
42 silly idealTree ├── timers-browserify@2.0.2
42 silly idealTree ├── to-arraybuffer@1.0.1
42 silly idealTree ├── to-fast-properties@1.0.2
42 silly idealTree ├── toposort@1.0.3
42 silly idealTree ├── touch@1.0.0
42 silly idealTree ├── trim-newlines@1.0.0
42 silly idealTree ├── trim-right@1.0.1
42 silly idealTree ├── tryit@1.0.3
42 silly idealTree ├── tty-browserify@0.0.0
42 silly idealTree ├── type-check@0.3.2
42 silly idealTree ├── type-is@1.6.15
42 silly idealTree ├── typedarray@0.0.6
42 silly idealTree ├── ua-parser-js@0.7.12
42 silly idealTree ├── uglify-js@2.8.22
42 silly idealTree ├── uglify-to-browserify@1.0.2
42 silly idealTree ├── uid2@0.0.3
42 silly idealTree ├── undefsafe@0.0.3
42 silly idealTree ├── unique-string@1.0.0
42 silly idealTree ├── unique-temp-dir@1.0.0
42 silly idealTree ├── unpipe@1.0.0
42 silly idealTree ├── unzip-response@2.0.1
42 silly idealTree ├─┬ update-notifier@0.5.0
42 silly idealTree │ └── repeating@1.1.3
42 silly idealTree ├── upper-case@1.1.3
42 silly idealTree ├─┬ url-loader@0.5.8
42 silly idealTree │ └── loader-utils@1.1.0
42 silly idealTree ├── url-parse-lax@1.0.0
42 silly idealTree ├─┬ url@0.11.0
42 silly idealTree │ └── punycode@1.3.2
42 silly idealTree ├── user-home@2.0.0
42 silly idealTree ├── util-deprecate@1.0.2
42 silly idealTree ├─┬ util@0.10.3
42 silly idealTree │ └── inherits@2.0.1
42 silly idealTree ├── utila@0.4.0
42 silly idealTree ├── utils-merge@1.0.0
42 silly idealTree ├── uuid@2.0.3
42 silly idealTree ├── validate-npm-package-license@3.0.1
42 silly idealTree ├── value-equal@0.2.1
42 silly idealTree ├── vary@1.1.1
42 silly idealTree ├── vm-browserify@0.0.4
42 silly idealTree ├── warning@3.0.0
42 silly idealTree ├─┬ watchpack@0.2.9
42 silly idealTree │ └── async@0.9.2
42 silly idealTree ├─┬ webpack-core@0.6.9
42 silly idealTree │ └── source-map@0.4.4
42 silly idealTree ├─┬ webpack-dev-middleware@1.10.2
42 silly idealTree │ ├── isarray@1.0.0
42 silly idealTree │ ├── memory-fs@0.4.1
42 silly idealTree │ ├── readable-stream@2.2.9
42 silly idealTree │ └── string_decoder@1.0.0
42 silly idealTree ├── webpack-hot-middleware@2.18.0
42 silly idealTree ├── webpack-sources@0.1.5
42 silly idealTree ├─┬ webpack@1.15.0
42 silly idealTree │ ├── clone@1.0.2
42 silly idealTree │ ├── supports-color@3.2.3
42 silly idealTree │ └─┬ uglify-js@2.7.5
42 silly idealTree │   └── async@0.2.10
42 silly idealTree ├── whatwg-fetch@2.0.3
42 silly idealTree ├── which@1.2.14
42 silly idealTree ├── widest-line@1.0.0
42 silly idealTree ├── window-size@0.1.0
42 silly idealTree ├── wordwrap@0.0.2
42 silly idealTree ├── wrappy@1.0.2
42 silly idealTree ├── write-file-atomic@1.3.3
42 silly idealTree ├── write-json-file@2.0.0
42 silly idealTree ├── write-pkg@2.1.0
42 silly idealTree ├── write@0.2.1
42 silly idealTree ├── xdg-basedir@2.0.0
42 silly idealTree ├── xml-char-classes@1.0.0
42 silly idealTree ├── xtend@4.0.1
42 silly idealTree ├── yallist@2.1.2
42 silly idealTree └── yargs@3.10.0
43 silly generateActionsToTake Starting
44 silly install generateActionsToTake
45 silly generateActionsToTake Finishing
46 silly diffTrees action count 0
47 silly decomposeActions action count 0
48 silly runTopLevelLifecycles Starting
49 silly install runPreinstallTopLevelLifecycles
50 silly preinstall manuplate@1.0.0 /home/meghan/workspace/manuBoiler/manuplate-dca82003
51 info lifecycle manuplate@1.0.0~preinstall: manuplate@1.0.0
52 silly lifecycle manuplate@1.0.0~preinstall: no script for preinstall, continuing
53 silly executeActions Starting
54 silly install executeActions
55 silly doSerial global-install 0
56 silly doParallel fetch 0
57 verbose correctMkdir /home/meghan/.npm/_locks correctMkdir not in flight; initializing
58 verbose lock using /home/meghan/.npm/_locks/staging-602496a92e4e2ea6.lock for /home/meghan/workspace/manuBoiler/node_modules/.staging
59 silly doParallel extract 0
60 silly doParallel preinstall 0
61 silly doReverseSerial remove 0
62 silly doSerial move 0
63 silly doSerial finalize 0
64 silly doSerial build 0
65 silly doSerial global-link 0
66 silly doParallel update-linked 0
67 silly doSerial install 0
68 silly doSerial postinstall 0
69 verbose unlock done using /home/meghan/.npm/_locks/staging-602496a92e4e2ea6.lock for /home/meghan/workspace/manuBoiler/node_modules/.staging
70 silly executeActions Finishing
71 silly rollbackFailedOptional Starting
72 silly rollbackFailedOptional Finishing
73 silly install runPostinstallTopLevelLifecycles
74 silly build manuplate@1.0.0
75 info linkStuff manuplate@1.0.0
76 silly linkStuff manuplate@1.0.0 has /home/meghan/workspace as its parent node_modules
77 verbose linkBins manuplate@1.0.0
78 verbose linkMans manuplate@1.0.0
79 silly install manuplate@1.0.0 /home/meghan/workspace/manuBoiler/manuplate-dca82003
80 info lifecycle manuplate@1.0.0~install: manuplate@1.0.0
81 silly lifecycle manuplate@1.0.0~install: no script for install, continuing
82 silly postinstall manuplate@1.0.0 /home/meghan/workspace/manuBoiler/manuplate-dca82003
83 info lifecycle manuplate@1.0.0~postinstall: manuplate@1.0.0
84 verbose lifecycle manuplate@1.0.0~postinstall: unsafe-perm in lifecycle true
85 verbose lifecycle manuplate@1.0.0~postinstall: PATH: /home/meghan/.nvm/versions/node/v6.9.5/lib/node_modules/npm/bin/node-gyp-bin:/home/meghan/workspace/manuBoiler/node_modules/.bin:/home/meghan/.rvm/gems/ruby-2.4.1/bin:/home/meghan/.rvm/gems/ruby-2.4.1@global/bin:/home/meghan/.rvm/rubies/ruby-2.4.1/bin:/home/meghan/.nvm/versions/node/v6.9.5/bin:/home/meghan/bin:/home/meghan/.local/bin:/usr/local/sbin:/usr/local/bin:/usr/sbin:/usr/bin:/sbin:/bin:/usr/games:/usr/local/games:/snap/bin:/home/meghan/.rvm/bin:/home/meghan/.rvm/bin
86 verbose lifecycle manuplate@1.0.0~postinstall: CWD: /home/meghan/workspace/manuBoiler
87 silly lifecycle manuplate@1.0.0~postinstall: Args: [ '-c',
87 silly lifecycle   'webpack --config webpack.production.config.js --progress -p' ]
88 silly lifecycle manuplate@1.0.0~postinstall: Returned: code: 1  signal: null
89 info lifecycle manuplate@1.0.0~postinstall: Failed to exec postinstall script
90 warn optional SKIPPING OPTIONAL DEPENDENCY: fsevents@^1.0.0 (node_modules/chokidar/node_modules/fsevents):
91 warn notsup SKIPPING OPTIONAL DEPENDENCY: Unsupported platform for fsevents@1.1.1: wanted {"os":"darwin","arch":"any"} (current: {"os":"linux","arch":"x64"})
92 verbose notsup SKIPPING OPTIONAL DEPENDENCY: Valid OS:    darwin
92 verbose notsup SKIPPING OPTIONAL DEPENDENCY: Valid Arch:  any
92 verbose notsup SKIPPING OPTIONAL DEPENDENCY: Actual OS:   linux
92 verbose notsup SKIPPING OPTIONAL DEPENDENCY: Actual Arch: x64
93 warn manuplate@1.0.0 No repository field.
94 verbose If you need help, you may report this error at:
94 verbose     <https://github.com/npm/npm/issues>
95 verbose stack Error: manuplate@1.0.0 postinstall: `webpack --config webpack.production.config.js --progress -p`
95 verbose stack Exit status 1
95 verbose stack     at EventEmitter.<anonymous> (/home/meghan/.nvm/versions/node/v6.9.5/lib/node_modules/npm/lib/utils/lifecycle.js:255:16)
95 verbose stack     at emitTwo (events.js:106:13)
95 verbose stack     at EventEmitter.emit (events.js:191:7)
95 verbose stack     at ChildProcess.<anonymous> (/home/meghan/.nvm/versions/node/v6.9.5/lib/node_modules/npm/lib/utils/spawn.js:40:14)
95 verbose stack     at emitTwo (events.js:106:13)
95 verbose stack     at ChildProcess.emit (events.js:191:7)
95 verbose stack     at maybeClose (internal/child_process.js:877:16)
95 verbose stack     at Process.ChildProcess._handle.onexit (internal/child_process.js:226:5)
96 verbose pkgid manuplate@1.0.0
97 verbose cwd /home/meghan/workspace/manuBoiler
98 error Linux 4.4.0-75-generic
99 error argv "/home/meghan/.nvm/versions/node/v6.9.5/bin/node" "/home/meghan/.nvm/versions/node/v6.9.5/bin/npm" "i"
100 error node v6.9.5
101 error npm  v3.10.10
102 error code ELIFECYCLE
103 error manuplate@1.0.0 postinstall: `webpack --config webpack.production.config.js --progress -p`
103 error Exit status 1
104 error Failed at the manuplate@1.0.0 postinstall script 'webpack --config webpack.production.config.js --progress -p'.
104 error Make sure you have the latest version of node.js and npm installed.
104 error If you do, this is most likely a problem with the manuplate package,
104 error not with npm itself.
104 error Tell the author that this fails on your system:
104 error     webpack --config webpack.production.config.js --progress -p
104 error You can get information on how to open an issue for this project with:
104 error     npm bugs manuplate
104 error Or if that isn't available, you can get their info via:
104 error     npm owner ls manuplate
104 error There is likely additional logging output above.
105 verbose exit [ 1, true ]
